This is pdfTeX, Version 3.1415926-2.4-1.40.13 (MiKTeX 2.9) (preloaded format=pdflatex 2013.10.19)  20 APR 2014 13:17
entering extended mode
**bac200414.tex
(C:\Users\B\Documents\Bac\bac200414.tex
LaTeX2e <2011/06/27>
Babel <v3.8m> and hyphenation patterns for english, afrikaans, ancientgreek, ar
abic, armenian, assamese, basque, bengali, bokmal, bulgarian, catalan, coptic, 
croatian, czech, danish, dutch, esperanto, estonian, farsi, finnish, french, ga
lician, german, german-x-2012-05-30, greek, gujarati, hindi, hungarian, iceland
ic, indonesian, interlingua, irish, italian, kannada, kurmanji, latin, latvian,
 lithuanian, malayalam, marathi, mongolian, mongolianlmc, monogreek, ngerman, n
german-x-2012-05-30, nynorsk, oriya, panjabi, pinyin, polish, portuguese, roman
ian, russian, sanskrit, serbian, slovak, slovenian, spanish, swedish, swissgerm
an, tamil, telugu, turkish, turkmen, ukenglish, ukrainian, uppersorbian, usengl
ishmax, welsh, loaded.
("C:\Program Files (x86)\MiKTeX 2.9\tex\latex\koma-script\scrartcl.cls"
Document Class: scrartcl 2012/07/29 v3.11b KOMA-Script document class (article)

("C:\Program Files (x86)\MiKTeX 2.9\tex\latex\koma-script\scrkbase.sty"
Package: scrkbase 2012/07/29 v3.11b KOMA-Script package (KOMA-Script-dependent 
basics and keyval usage)

("C:\Program Files (x86)\MiKTeX 2.9\tex\latex\koma-script\scrbase.sty"
Package: scrbase 2012/07/29 v3.11b KOMA-Script package (KOMA-Script-independent
 basics and keyval usage)

("C:\Program Files (x86)\MiKTeX 2.9\tex\latex\graphics\keyval.sty"
Package: keyval 1999/03/16 v1.13 key=value parser (DPC)
\KV@toks@=\toks14
)
("C:\Program Files (x86)\MiKTeX 2.9\tex\latex\koma-script\scrlfile.sty"
Package: scrlfile 2012/06/15 v3.12 KOMA-Script package (loading files)

Package scrlfile, 2012/06/15 v3.12 KOMA-Script package (loading files)
                  Copyright (C) Markus Kohm

))) ("C:\Program Files (x86)\MiKTeX 2.9\tex\latex\koma-script\tocbasic.sty"
Package: tocbasic 2012/04/04 v3.10b KOMA-Script package (handling toc-files)
)
Package tocbasic Info: omitting babel extension for `toc'
(tocbasic)             because of feature `nobabel' available
(tocbasic)             for `toc' on input line 115.
Package tocbasic Info: omitting babel extension for `lof'
(tocbasic)             because of feature `nobabel' available
(tocbasic)             for `lof' on input line 116.
Package tocbasic Info: omitting babel extension for `lot'
(tocbasic)             because of feature `nobabel' available
(tocbasic)             for `lot' on input line 117.
Package scrartcl Info: You've used obsolete option `12pt'.
(scrartcl)             \KOMAExecuteOptions{fontsize=12pt} will be
(scrartcl)             used instead.
(scrartcl)             You may simply replace `12pt'
(scrartcl)             by `fontsize=12pt'.
Class scrartcl Info: File `scrsize12pt.clo' used to setup font sizes on input l
ine 1267.

("C:\Program Files (x86)\MiKTeX 2.9\tex\latex\koma-script\scrsize12pt.clo"
File: scrsize12pt.clo 2012/07/29 v3.11b KOMA-Script font size class option (12p
t)
)
("C:\Program Files (x86)\MiKTeX 2.9\tex\latex\koma-script\typearea.sty"
Package: typearea 2012/07/29 v3.11b KOMA-Script package (type area)

Package typearea, 2012/07/29 v3.11b KOMA-Script package (type area)
                  Copyright (C) Frank Neukam, 1992-1994
                  Copyright (C) Markus Kohm, 1994-

\ta@bcor=\skip41
\ta@div=\count79
Package typearea Info: You've used standard option `a4paper'.
(typearea)             This is correct!
(typearea)             Internally I'm using `paper=a4'.
(typearea)             If you'd like to set the option with \KOMAoptions,
(typearea)             you'd have to use `paper=a4' there
(typearea)             instead of `a4paper', too.
\ta@hblk=\skip42
\ta@vblk=\skip43
\ta@temp=\skip44
Package typearea Info: These are the values describing the layout:
(typearea)             DIV  = 12
(typearea)             BCOR = 0.0pt
(typearea)             \paperwidth      = 597.50793pt
(typearea)              \textwidth      = 448.13095pt
(typearea)              DIV departure   = -6%
(typearea)              \evensidemargin = 2.4185pt
(typearea)              \oddsidemargin  = 2.4185pt
(typearea)             \paperheight     = 845.04694pt
(typearea)              \textheight     = 635.5pt
(typearea)              \topmargin      = -41.72441pt
(typearea)              \headheight     = 18.125pt
(typearea)              \headsep        = 21.75pt
(typearea)              \topskip        = 12.0pt
(typearea)              \footskip       = 50.75pt
(typearea)              \baselineskip   = 14.5pt
(typearea)              on input line 1213.
)
\c@part=\count80
\c@section=\count81
\c@subsection=\count82
\c@subsubsection=\count83
\c@paragraph=\count84
\c@subparagraph=\count85
\abovecaptionskip=\skip45
\belowcaptionskip=\skip46
\c@pti@nb@sid@b@x=\box26
\c@figure=\count86
\c@table=\count87
\bibindent=\dimen102
) ("C:\Program Files (x86)\MiKTeX 2.9\tex\latex\base\inputenc.sty"
Package: inputenc 2008/03/30 v1.1d Input encoding file
\inpenc@prehook=\toks15
\inpenc@posthook=\toks16

("C:\Program Files (x86)\MiKTeX 2.9\tex\latex\base\utf8.def"
File: utf8.def 2008/04/05 v1.1m UTF-8 support for inputenc
Now handling font encoding OML ...
... no UTF-8 mapping file for font encoding OML
Now handling font encoding T1 ...
... processing UTF-8 mapping file for font encoding T1

("C:\Program Files (x86)\MiKTeX 2.9\tex\latex\base\t1enc.dfu"
File: t1enc.dfu 2008/04/05 v1.1m UTF-8 support for inputenc
   defining Unicode char U+00A1 (decimal 161)
   defining Unicode char U+00A3 (decimal 163)
   defining Unicode char U+00AB (decimal 171)
   defining Unicode char U+00BB (decimal 187)
   defining Unicode char U+00BF (decimal 191)
   defining Unicode char U+00C0 (decimal 192)
   defining Unicode char U+00C1 (decimal 193)
   defining Unicode char U+00C2 (decimal 194)
   defining Unicode char U+00C3 (decimal 195)
   defining Unicode char U+00C4 (decimal 196)
   defining Unicode char U+00C5 (decimal 197)
   defining Unicode char U+00C6 (decimal 198)
   defining Unicode char U+00C7 (decimal 199)
   defining Unicode char U+00C8 (decimal 200)
   defining Unicode char U+00C9 (decimal 201)
   defining Unicode char U+00CA (decimal 202)
   defining Unicode char U+00CB (decimal 203)
   defining Unicode char U+00CC (decimal 204)
   defining Unicode char U+00CD (decimal 205)
   defining Unicode char U+00CE (decimal 206)
   defining Unicode char U+00CF (decimal 207)
   defining Unicode char U+00D0 (decimal 208)
   defining Unicode char U+00D1 (decimal 209)
   defining Unicode char U+00D2 (decimal 210)
   defining Unicode char U+00D3 (decimal 211)
   defining Unicode char U+00D4 (decimal 212)
   defining Unicode char U+00D5 (decimal 213)
   defining Unicode char U+00D6 (decimal 214)
   defining Unicode char U+00D8 (decimal 216)
   defining Unicode char U+00D9 (decimal 217)
   defining Unicode char U+00DA (decimal 218)
   defining Unicode char U+00DB (decimal 219)
   defining Unicode char U+00DC (decimal 220)
   defining Unicode char U+00DD (decimal 221)
   defining Unicode char U+00DE (decimal 222)
   defining Unicode char U+00DF (decimal 223)
   defining Unicode char U+00E0 (decimal 224)
   defining Unicode char U+00E1 (decimal 225)
   defining Unicode char U+00E2 (decimal 226)
   defining Unicode char U+00E3 (decimal 227)
   defining Unicode char U+00E4 (decimal 228)
   defining Unicode char U+00E5 (decimal 229)
   defining Unicode char U+00E6 (decimal 230)
   defining Unicode char U+00E7 (decimal 231)
   defining Unicode char U+00E8 (decimal 232)
   defining Unicode char U+00E9 (decimal 233)
   defining Unicode char U+00EA (decimal 234)
   defining Unicode char U+00EB (decimal 235)
   defining Unicode char U+00EC (decimal 236)
   defining Unicode char U+00ED (decimal 237)
   defining Unicode char U+00EE (decimal 238)
   defining Unicode char U+00EF (decimal 239)
   defining Unicode char U+00F0 (decimal 240)
   defining Unicode char U+00F1 (decimal 241)
   defining Unicode char U+00F2 (decimal 242)
   defining Unicode char U+00F3 (decimal 243)
   defining Unicode char U+00F4 (decimal 244)
   defining Unicode char U+00F5 (decimal 245)
   defining Unicode char U+00F6 (decimal 246)
   defining Unicode char U+00F8 (decimal 248)
   defining Unicode char U+00F9 (decimal 249)
   defining Unicode char U+00FA (decimal 250)
   defining Unicode char U+00FB (decimal 251)
   defining Unicode char U+00FC (decimal 252)
   defining Unicode char U+00FD (decimal 253)
   defining Unicode char U+00FE (decimal 254)
   defining Unicode char U+00FF (decimal 255)
   defining Unicode char U+0102 (decimal 258)
   defining Unicode char U+0103 (decimal 259)
   defining Unicode char U+0104 (decimal 260)
   defining Unicode char U+0105 (decimal 261)
   defining Unicode char U+0106 (decimal 262)
   defining Unicode char U+0107 (decimal 263)
   defining Unicode char U+010C (decimal 268)
   defining Unicode char U+010D (decimal 269)
   defining Unicode char U+010E (decimal 270)
   defining Unicode char U+010F (decimal 271)
   defining Unicode char U+0110 (decimal 272)
   defining Unicode char U+0111 (decimal 273)
   defining Unicode char U+0118 (decimal 280)
   defining Unicode char U+0119 (decimal 281)
   defining Unicode char U+011A (decimal 282)
   defining Unicode char U+011B (decimal 283)
   defining Unicode char U+011E (decimal 286)
   defining Unicode char U+011F (decimal 287)
   defining Unicode char U+0130 (decimal 304)
   defining Unicode char U+0131 (decimal 305)
   defining Unicode char U+0132 (decimal 306)
   defining Unicode char U+0133 (decimal 307)
   defining Unicode char U+0139 (decimal 313)
   defining Unicode char U+013A (decimal 314)
   defining Unicode char U+013D (decimal 317)
   defining Unicode char U+013E (decimal 318)
   defining Unicode char U+0141 (decimal 321)
   defining Unicode char U+0142 (decimal 322)
   defining Unicode char U+0143 (decimal 323)
   defining Unicode char U+0144 (decimal 324)
   defining Unicode char U+0147 (decimal 327)
   defining Unicode char U+0148 (decimal 328)
   defining Unicode char U+014A (decimal 330)
   defining Unicode char U+014B (decimal 331)
   defining Unicode char U+0150 (decimal 336)
   defining Unicode char U+0151 (decimal 337)
   defining Unicode char U+0152 (decimal 338)
   defining Unicode char U+0153 (decimal 339)
   defining Unicode char U+0154 (decimal 340)
   defining Unicode char U+0155 (decimal 341)
   defining Unicode char U+0158 (decimal 344)
   defining Unicode char U+0159 (decimal 345)
   defining Unicode char U+015A (decimal 346)
   defining Unicode char U+015B (decimal 347)
   defining Unicode char U+015E (decimal 350)
   defining Unicode char U+015F (decimal 351)
   defining Unicode char U+0160 (decimal 352)
   defining Unicode char U+0161 (decimal 353)
   defining Unicode char U+0162 (decimal 354)
   defining Unicode char U+0163 (decimal 355)
   defining Unicode char U+0164 (decimal 356)
   defining Unicode char U+0165 (decimal 357)
   defining Unicode char U+016E (decimal 366)
   defining Unicode char U+016F (decimal 367)
   defining Unicode char U+0170 (decimal 368)
   defining Unicode char U+0171 (decimal 369)
   defining Unicode char U+0178 (decimal 376)
   defining Unicode char U+0179 (decimal 377)
   defining Unicode char U+017A (decimal 378)
   defining Unicode char U+017B (decimal 379)
   defining Unicode char U+017C (decimal 380)
   defining Unicode char U+017D (decimal 381)
   defining Unicode char U+017E (decimal 382)
   defining Unicode char U+200C (decimal 8204)
   defining Unicode char U+2013 (decimal 8211)
   defining Unicode char U+2014 (decimal 8212)
   defining Unicode char U+2018 (decimal 8216)
   defining Unicode char U+2019 (decimal 8217)
   defining Unicode char U+201A (decimal 8218)
   defining Unicode char U+201C (decimal 8220)
   defining Unicode char U+201D (decimal 8221)
   defining Unicode char U+201E (decimal 8222)
   defining Unicode char U+2030 (decimal 8240)
   defining Unicode char U+2031 (decimal 8241)
   defining Unicode char U+2039 (decimal 8249)
   defining Unicode char U+203A (decimal 8250)
   defining Unicode char U+2423 (decimal 9251)
)
Now handling font encoding OT1 ...
... processing UTF-8 mapping file for font encoding OT1

("C:\Program Files (x86)\MiKTeX 2.9\tex\latex\base\ot1enc.dfu"
File: ot1enc.dfu 2008/04/05 v1.1m UTF-8 support for inputenc
   defining Unicode char U+00A1 (decimal 161)
   defining Unicode char U+00A3 (decimal 163)
   defining Unicode char U+00B8 (decimal 184)
   defining Unicode char U+00BF (decimal 191)
   defining Unicode char U+00C5 (decimal 197)
   defining Unicode char U+00C6 (decimal 198)
   defining Unicode char U+00D8 (decimal 216)
   defining Unicode char U+00DF (decimal 223)
   defining Unicode char U+00E6 (decimal 230)
   defining Unicode char U+00EC (decimal 236)
   defining Unicode char U+00ED (decimal 237)
   defining Unicode char U+00EE (decimal 238)
   defining Unicode char U+00EF (decimal 239)
   defining Unicode char U+00F8 (decimal 248)
   defining Unicode char U+0131 (decimal 305)
   defining Unicode char U+0141 (decimal 321)
   defining Unicode char U+0142 (decimal 322)
   defining Unicode char U+0152 (decimal 338)
   defining Unicode char U+0153 (decimal 339)
   defining Unicode char U+2013 (decimal 8211)
   defining Unicode char U+2014 (decimal 8212)
   defining Unicode char U+2018 (decimal 8216)
   defining Unicode char U+2019 (decimal 8217)
   defining Unicode char U+201C (decimal 8220)
   defining Unicode char U+201D (decimal 8221)
)
Now handling font encoding OMS ...
... processing UTF-8 mapping file for font encoding OMS

("C:\Program Files (x86)\MiKTeX 2.9\tex\latex\base\omsenc.dfu"
File: omsenc.dfu 2008/04/05 v1.1m UTF-8 support for inputenc
   defining Unicode char U+00A7 (decimal 167)
   defining Unicode char U+00B6 (decimal 182)
   defining Unicode char U+00B7 (decimal 183)
   defining Unicode char U+2020 (decimal 8224)
   defining Unicode char U+2021 (decimal 8225)
   defining Unicode char U+2022 (decimal 8226)
)
Now handling font encoding OMX ...
... no UTF-8 mapping file for font encoding OMX
Now handling font encoding U ...
... no UTF-8 mapping file for font encoding U
   defining Unicode char U+00A9 (decimal 169)
   defining Unicode char U+00AA (decimal 170)
   defining Unicode char U+00AE (decimal 174)
   defining Unicode char U+00BA (decimal 186)
   defining Unicode char U+02C6 (decimal 710)
   defining Unicode char U+02DC (decimal 732)
   defining Unicode char U+200C (decimal 8204)
   defining Unicode char U+2026 (decimal 8230)
   defining Unicode char U+2122 (decimal 8482)
   defining Unicode char U+2423 (decimal 9251)
))
("C:\Program Files (x86)\MiKTeX 2.9\tex\latex\base\fontenc.sty"
Package: fontenc 2005/09/27 v1.99g Standard LaTeX package

("C:\Program Files (x86)\MiKTeX 2.9\tex\latex\base\t1enc.def"
File: t1enc.def 2005/09/27 v1.99g Standard LaTeX file
LaTeX Font Info:    Redeclaring font encoding T1 on input line 43.
))
("C:\Program Files (x86)\MiKTeX 2.9\tex\generic\babel\babel.sty"
Package: babel 2008/07/08 v3.8m The Babel package

*************************************
* Local config file bblopts.cfg used
*
("C:\Program Files (x86)\MiKTeX 2.9\tex\latex\00miktex\bblopts.cfg"
File: bblopts.cfg 2006/07/31 v1.0 MiKTeX 'babel' configuration
)
("C:\Program Files (x86)\MiKTeX 2.9\tex\generic\babel\ngermanb.ldf"
Language: ngermanb 2008/07/06 v2.6n new German support from the babel system

("C:\Program Files (x86)\MiKTeX 2.9\tex\generic\babel\babel.def"
File: babel.def 2008/07/08 v3.8m Babel common definitions
\babel@savecnt=\count88
\U@D=\dimen103
)
\l@naustrian = a dialect from \language\l@ngerman 
Package babel Info: Making " an active character on input line 92.
))
("C:\Program Files (x86)\MiKTeX 2.9\tex\latex\lm\lmodern.sty"
Package: lmodern 2009/10/30 v1.6 Latin Modern Fonts
LaTeX Font Info:    Overwriting symbol font `operators' in version `normal'
(Font)                  OT1/cmr/m/n --> OT1/lmr/m/n on input line 22.
LaTeX Font Info:    Overwriting symbol font `letters' in version `normal'
(Font)                  OML/cmm/m/it --> OML/lmm/m/it on input line 23.
LaTeX Font Info:    Overwriting symbol font `symbols' in version `normal'
(Font)                  OMS/cmsy/m/n --> OMS/lmsy/m/n on input line 24.
LaTeX Font Info:    Overwriting symbol font `largesymbols' in version `normal'
(Font)                  OMX/cmex/m/n --> OMX/lmex/m/n on input line 25.
LaTeX Font Info:    Overwriting symbol font `operators' in version `bold'
(Font)                  OT1/cmr/bx/n --> OT1/lmr/bx/n on input line 26.
LaTeX Font Info:    Overwriting symbol font `letters' in version `bold'
(Font)                  OML/cmm/b/it --> OML/lmm/b/it on input line 27.
LaTeX Font Info:    Overwriting symbol font `symbols' in version `bold'
(Font)                  OMS/cmsy/b/n --> OMS/lmsy/b/n on input line 28.
LaTeX Font Info:    Overwriting symbol font `largesymbols' in version `bold'
(Font)                  OMX/cmex/m/n --> OMX/lmex/m/n on input line 29.
LaTeX Font Info:    Overwriting math alphabet `\mathbf' in version `normal'
(Font)                  OT1/cmr/bx/n --> OT1/lmr/bx/n on input line 31.
LaTeX Font Info:    Overwriting math alphabet `\mathsf' in version `normal'
(Font)                  OT1/cmss/m/n --> OT1/lmss/m/n on input line 32.
LaTeX Font Info:    Overwriting math alphabet `\mathit' in version `normal'
(Font)                  OT1/cmr/m/it --> OT1/lmr/m/it on input line 33.
LaTeX Font Info:    Overwriting math alphabet `\mathtt' in version `normal'
(Font)                  OT1/cmtt/m/n --> OT1/lmtt/m/n on input line 34.
LaTeX Font Info:    Overwriting math alphabet `\mathbf' in version `bold'
(Font)                  OT1/cmr/bx/n --> OT1/lmr/bx/n on input line 35.
LaTeX Font Info:    Overwriting math alphabet `\mathsf' in version `bold'
(Font)                  OT1/cmss/bx/n --> OT1/lmss/bx/n on input line 36.
LaTeX Font Info:    Overwriting math alphabet `\mathit' in version `bold'
(Font)                  OT1/cmr/bx/it --> OT1/lmr/bx/it on input line 37.
LaTeX Font Info:    Overwriting math alphabet `\mathtt' in version `bold'
(Font)                  OT1/cmtt/m/n --> OT1/lmtt/m/n on input line 38.
)
("C:\Program Files (x86)\MiKTeX 2.9\tex\latex\csquotes\csquotes.sty"
Package: csquotes 2011/10/22 v5.1d context-sensitive quotations

("C:\Program Files (x86)\MiKTeX 2.9\tex\latex\etoolbox\etoolbox.sty"
Package: etoolbox 2011/01/03 v2.1 e-TeX tools for LaTeX

("C:\Program Files (x86)\MiKTeX 2.9\tex\latex\misc\etex.sty"
Package: etex 1998/03/26 v2.0 eTeX basic definition package (PEB)
\et@xins=\count89
)
\etb@tempcnta=\count90
)
\csq@reset=\count91
\csq@gtype=\count92
\csq@glevel=\count93
\csq@qlevel=\count94
\csq@maxlvl=\count95
\csq@tshold=\count96
\csq@ltx@everypar=\toks17

("C:\Program Files (x86)\MiKTeX 2.9\tex\latex\csquotes\csquotes.def"
File: csquotes.def 2011/10/22 v5.1d csquotes generic definitions
)
Package csquotes Info: Trying to load configuration file 'csquotes.cfg'...
Package csquotes Info: ... configuration file loaded successfully.

("C:\Program Files (x86)\MiKTeX 2.9\tex\latex\csquotes\csquotes.cfg"
File: csquotes.cfg 
)
Package csquotes Info: Option 'babel' depreciated.
(csquotes)             Using 'autostyle'.
Package csquotes Info: Enabling multilingual quotes.
Package csquotes Info: Redefining alias 'german' -> 'german/guillemets'.
)
("C:\Program Files (x86)\MiKTeX 2.9\tex\latex\biblatex\biblatex.sty"
Package: biblatex 2013/07/15 v2.7a programmable bibliographies (PK/JW/AB)

("C:\Program Files (x86)\MiKTeX 2.9\tex\latex\biblatex\biblatex1.sty"
Package: biblatex1 2013/07/15 v2.7a programmable bibliographies (bibtex) (PK/JW
/AB)

("C:\Program Files (x86)\MiKTeX 2.9\tex\latex\logreq\logreq.sty"
Package: logreq 2010/08/04 v1.0 xml request logger
\lrq@indent=\count97

("C:\Program Files (x86)\MiKTeX 2.9\tex\latex\logreq\logreq.def"
File: logreq.def 2010/08/04 v1.0 logreq spec v1.0
))
("C:\Program Files (x86)\MiKTeX 2.9\tex\latex\base\ifthen.sty"
Package: ifthen 2001/05/26 v1.1c Standard LaTeX ifthen package (DPC)
)
("C:\Program Files (x86)\MiKTeX 2.9\tex\latex\ltxmisc\url.sty"
\Urlmuskip=\muskip10
Package: url 2006/04/12  ver 3.3  Verb mode for urls, etc.
)
\c@tabx@nest=\count98
\c@listtotal=\count99
\c@listcount=\count100
\c@liststart=\count101
\c@liststop=\count102
\c@citecount=\count103
\c@citetotal=\count104
\c@multicitecount=\count105
\c@multicitetotal=\count106
\c@instcount=\count107
\c@maxnames=\count108
\c@minnames=\count109
\c@maxitems=\count110
\c@minitems=\count111
\c@citecounter=\count112
\c@savedcitecounter=\count113
\c@uniquelist=\count114
\c@uniquename=\count115
\c@refsection=\count116
\c@refsegment=\count117
\c@maxextrayear=\count118
\c@maxextraalpha=\count119
\c@abbrvpenalty=\count120
\c@highnamepenalty=\count121
\c@lownamepenalty=\count122
\c@maxparens=\count123
\c@parenlevel=\count124
\blx@tempcnta=\count125
\blx@tempcntb=\count126
\blx@tempcntc=\count127
\blx@maxsection=\count128
\blx@maxsegment=\count129
\blx@notetype=\count130
\blx@parenlevel@text=\count131
\blx@parenlevel@foot=\count132
\labelnumberwidth=\skip47
\labelalphawidth=\skip48
\shorthandwidth=\skip49
\biblabelsep=\skip50
\bibitemsep=\skip51
\bibnamesep=\skip52
\bibinitsep=\skip53
\bibparsep=\skip54
\bibhang=\skip55
\blx@auxin=\read1
\blx@auxout=\write3
\c@mincomprange=\count133
\c@maxcomprange=\count134
\c@mincompwidth=\count135
\c@labelname=\count136
\c@savedlabelname=\count137
\c@author=\count138
\c@savedauthor=\count139
\c@shortauthor=\count140
\c@savedshortauthor=\count141
\c@editor=\count142
\c@savededitor=\count143
\c@editora=\count144
\c@savededitora=\count145
\c@editorb=\count146
\c@savededitorb=\count147
\c@editorc=\count148
\c@savededitorc=\count149
\c@shorteditor=\count150
\c@savedshorteditor=\count151
\c@bookauthor=\count152
\c@savedbookauthor=\count153
\c@translator=\count154
\c@savedtranslator=\count155
\c@annotator=\count156
\c@savedannotator=\count157
\c@commentator=\count158
\c@savedcommentator=\count159
\c@introduction=\count160
\c@savedintroduction=\count161
\c@foreword=\count162
\c@savedforeword=\count163
\c@afterword=\count164
\c@savedafterword=\count165
\c@holder=\count166
\c@savedholder=\count167
\c@namea=\count168
\c@savednamea=\count169
\c@nameb=\count170
\c@savednameb=\count171
\c@namec=\count172
\c@savednamec=\count173
\c@institution=\count174
\c@savedinstitution=\count175
\c@language=\count176
\c@savedlanguage=\count177
\c@location=\count178
\c@savedlocation=\count179
\c@organization=\count180
\c@savedorganization=\count181
\c@origlocation=\count182
\c@savedoriglocation=\count183
\c@origpublisher=\count184
\c@savedorigpublisher=\count185
\c@pageref=\count186
\c@savedpageref=\count187
\c@publisher=\count188
\c@savedpublisher=\count189
\c@lista=\count190
\c@savedlista=\count191
\c@listb=\count192
\c@savedlistb=\count193
\c@listc=\count194
\c@savedlistc=\count195
\c@listd=\count196
\c@savedlistd=\count197
\c@liste=\count198
\c@savedliste=\count199
\c@listf=\count200
\c@savedlistf=\count201
Package biblatex Info: Trying to load compatibility code...
Package biblatex Info: ... file 'blx-compat.def' found.

("C:\Program Files (x86)\MiKTeX 2.9\tex\latex\biblatex\blx-compat.def"
File: blx-compat.def 2013/07/15 v2.7a biblatex compatibility (PK/JW/AB)
)
Package biblatex Info: Trying to load generic definitions...
Package biblatex Info: ... file 'biblatex.def' found.

("C:\Program Files (x86)\MiKTeX 2.9\tex\latex\biblatex\biblatex.def"
File: biblatex.def 
\c@textcitecount=\count202
\c@textcitetotal=\count203
\c@textcitemaxnames=\count204
\c@biburlnumpenalty=\count205
\c@biburlucpenalty=\count206
\c@biburllcpenalty=\count207
\c@smartand=\count208
)
Package biblatex Info: Trying to load bibliography style 'verbose-ibid'...
Package biblatex Info: ... file 'verbose-ibid.bbx' found.

("C:\Program Files (x86)\MiKTeX 2.9\tex\latex\biblatex\bbx\verbose-ibid.bbx"
File: verbose-ibid.bbx 2013/07/15 v2.7a biblatex bibliography style (PK/JW/AB)
Package biblatex Info: Trying to load bibliography style 'authortitle'...
Package biblatex Info: ... file 'authortitle.bbx' found.

("C:\Program Files (x86)\MiKTeX 2.9\tex\latex\biblatex\bbx\authortitle.bbx"
File: authortitle.bbx 2013/07/15 v2.7a biblatex bibliography style (PK/JW/AB)
Package biblatex Info: Trying to load bibliography style 'standard'...
Package biblatex Info: ... file 'standard.bbx' found.

("C:\Program Files (x86)\MiKTeX 2.9\tex\latex\biblatex\bbx\standard.bbx"
File: standard.bbx 2013/07/15 v2.7a biblatex bibliography style (PK/JW/AB)
\c@bbx:relatedcount=\count209
\c@bbx:relatedtotal=\count210
)))
Package biblatex Info: Trying to load citation style 'verbose-ibid'...
Package biblatex Info: ... file 'verbose-ibid.cbx' found.

("C:\Program Files (x86)\MiKTeX 2.9\tex\latex\biblatex\cbx\verbose-ibid.cbx"
File: verbose-ibid.cbx 2013/07/15 v2.7a biblatex citation style (PK/JW/AB)
Package biblatex Info: Redefining '\cite'.
Package biblatex Info: Redefining '\parencite'.
Package biblatex Info: Redefining '\footcite'.
Package biblatex Info: Redefining '\footcitetext'.
Package biblatex Info: Redefining '\smartcite'.
Package biblatex Info: Redefining '\textcite'.
Package biblatex Info: Redefining '\textcites'.
)
Package biblatex Info: Trying to load configuration file...
Package biblatex Info: ... file 'biblatex.cfg' found.

("C:\Program Files (x86)\MiKTeX 2.9\tex\latex\biblatex\biblatex.cfg"
File: biblatex.cfg 
)))
("C:\Program Files (x86)\MiKTeX 2.9\tex\latex\amsmath\amsmath.sty"
Package: amsmath 2013/01/14 v2.14 AMS math features
\@mathmargin=\skip56

For additional information on amsmath, use the `?' option.
("C:\Program Files (x86)\MiKTeX 2.9\tex\latex\amsmath\amstext.sty"
Package: amstext 2000/06/29 v2.01

("C:\Program Files (x86)\MiKTeX 2.9\tex\latex\amsmath\amsgen.sty"
File: amsgen.sty 1999/11/30 v2.0
\@emptytoks=\toks18
\ex@=\dimen104
))
("C:\Program Files (x86)\MiKTeX 2.9\tex\latex\amsmath\amsbsy.sty"
Package: amsbsy 1999/11/29 v1.2d
\pmbraise@=\dimen105
)
("C:\Program Files (x86)\MiKTeX 2.9\tex\latex\amsmath\amsopn.sty"
Package: amsopn 1999/12/14 v2.01 operator names
)
\inf@bad=\count211
LaTeX Info: Redefining \frac on input line 210.
\uproot@=\count212
\leftroot@=\count213
LaTeX Info: Redefining \overline on input line 306.
\classnum@=\count214
\DOTSCASE@=\count215
LaTeX Info: Redefining \ldots on input line 378.
LaTeX Info: Redefining \dots on input line 381.
LaTeX Info: Redefining \cdots on input line 466.
\Mathstrutbox@=\box27
\strutbox@=\box28
\big@size=\dimen106
LaTeX Font Info:    Redeclaring font encoding OML on input line 566.
LaTeX Font Info:    Redeclaring font encoding OMS on input line 567.
\macc@depth=\count216
\c@MaxMatrixCols=\count217
\dotsspace@=\muskip11
\c@parentequation=\count218
\dspbrk@lvl=\count219
\tag@help=\toks19
\row@=\count220
\column@=\count221
\maxfields@=\count222
\andhelp@=\toks20
\eqnshift@=\dimen107
\alignsep@=\dimen108
\tagshift@=\dimen109
\tagwidth@=\dimen110
\totwidth@=\dimen111
\lineht@=\dimen112
\@envbody=\toks21
\multlinegap=\skip57
\multlinetaggap=\skip58
\mathdisplay@stack=\toks22
LaTeX Info: Redefining \[ on input line 2665.
LaTeX Info: Redefining \] on input line 2666.
)
("C:\Program Files (x86)\MiKTeX 2.9\tex\latex\amsfonts\amsfonts.sty"
Package: amsfonts 2013/01/14 v3.01 Basic AMSFonts support
\symAMSa=\mathgroup4
\symAMSb=\mathgroup5
LaTeX Font Info:    Overwriting math alphabet `\mathfrak' in version `bold'
(Font)                  U/euf/m/n --> U/euf/b/n on input line 106.
)
("C:\Program Files (x86)\MiKTeX 2.9\tex\latex\amsfonts\amssymb.sty"
Package: amssymb 2013/01/14 v3.01 AMS font symbols
)
("C:\Program Files (x86)\MiKTeX 2.9\tex\latex\base\makeidx.sty"
Package: makeidx 2000/03/29 v1.0m Standard LaTeX package
)
("C:\Program Files (x86)\MiKTeX 2.9\tex\latex\graphics\graphicx.sty"
Package: graphicx 1999/02/16 v1.0f Enhanced LaTeX Graphics (DPC,SPQR)

("C:\Program Files (x86)\MiKTeX 2.9\tex\latex\graphics\graphics.sty"
Package: graphics 2009/02/05 v1.0o Standard LaTeX Graphics (DPC,SPQR)

("C:\Program Files (x86)\MiKTeX 2.9\tex\latex\graphics\trig.sty"
Package: trig 1999/03/16 v1.09 sin cos tan (DPC)
)
("C:\Program Files (x86)\MiKTeX 2.9\tex\latex\00miktex\graphics.cfg"
File: graphics.cfg 2007/01/18 v1.5 graphics configuration of teTeX/TeXLive
)
Package graphics Info: Driver file: pdftex.def on input line 91.

("C:\Program Files (x86)\MiKTeX 2.9\tex\latex\pdftex-def\pdftex.def"
File: pdftex.def 2011/05/27 v0.06d Graphics/color for pdfTeX

("C:\Program Files (x86)\MiKTeX 2.9\tex\generic\oberdiek\infwarerr.sty"
Package: infwarerr 2010/04/08 v1.3 Providing info/warning/error messages (HO)
)
("C:\Program Files (x86)\MiKTeX 2.9\tex\generic\oberdiek\ltxcmds.sty"
Package: ltxcmds 2011/11/09 v1.22 LaTeX kernel commands for general use (HO)
)
\Gread@gobject=\count223
))
\Gin@req@height=\dimen113
\Gin@req@width=\dimen114
)
("C:\Program Files (x86)\MiKTeX 2.9\tex\latex\siunitx\siunitx.sty"
("C:\Program Files (x86)\MiKTeX 2.9\tex\latex\l3kernel\expl3.sty"
("C:\Program Files (x86)\MiKTeX 2.9\tex\latex\l3kernel\l3names.sty"
("C:\Program Files (x86)\MiKTeX 2.9\tex\latex\l3kernel\l3bootstrap.sty"
Package: l3bootstrap 2013/07/28 v4581 L3 Experimental bootstrap code
)
Package: l3names 2012/12/07 v4346 L3 Namespace for primitives
)
Package: expl3 2013/10/08 v4594 L3 Experimental code bundle wrapper

("C:\Program Files (x86)\MiKTeX 2.9\tex\latex\l3kernel\l3basics.sty"
Package: l3basics 2013/07/28 v4581 L3 Basic definitions
)
("C:\Program Files (x86)\MiKTeX 2.9\tex\latex\l3kernel\l3expan.sty"
Package: l3expan 2013/08/17 v4584 L3 Argument expansion
)
("C:\Program Files (x86)\MiKTeX 2.9\tex\latex\l3kernel\l3tl.sty"
Package: l3tl 2013/09/16 v4592 L3 Token lists
)
("C:\Program Files (x86)\MiKTeX 2.9\tex\latex\l3kernel\l3seq.sty"
Package: l3seq 2013/07/28 v4581 L3 Sequences and stacks
)
("C:\Program Files (x86)\MiKTeX 2.9\tex\latex\l3kernel\l3int.sty"
Package: l3int 2013/08/02 v4583 L3 Integers
Normal \count register pool exhausted, switching to extended pool.
\c_max_int=\count277
\l_tmpa_int=\count278
\l_tmpb_int=\count279
\g_tmpa_int=\count280
\g_tmpb_int=\count281
)
("C:\Program Files (x86)\MiKTeX 2.9\tex\latex\l3kernel\l3quark.sty"
Package: l3quark 2013/07/21 v4564 L3 Quarks
)
("C:\Program Files (x86)\MiKTeX 2.9\tex\latex\l3kernel\l3prg.sty"
Package: l3prg 2013/08/25 v4587 L3 Control structures
\g__prg_map_int=\count282
)
("C:\Program Files (x86)\MiKTeX 2.9\tex\latex\l3kernel\l3clist.sty"
Package: l3clist 2013/07/28 v4581 L3 Comma separated lists
)
("C:\Program Files (x86)\MiKTeX 2.9\tex\latex\l3kernel\l3token.sty"
Package: l3token 2013/08/25 v4587 L3 Experimental token manipulation
)
("C:\Program Files (x86)\MiKTeX 2.9\tex\latex\l3kernel\l3prop.sty"
Package: l3prop 2013/07/28 v4581 L3 Property lists
)
("C:\Program Files (x86)\MiKTeX 2.9\tex\latex\l3kernel\l3msg.sty"
Package: l3msg 2013/07/28 v4581 L3 Messages
)
("C:\Program Files (x86)\MiKTeX 2.9\tex\latex\l3kernel\l3file.sty"
Package: l3file 2013/08/29 v4591 L3 File and I/O operations
\l_iow_line_count_int=\count283
\l__iow_target_count_int=\count284
\l__iow_current_line_int=\count285
\l__iow_current_word_int=\count286
\l__iow_current_indentation_int=\count287
)
("C:\Program Files (x86)\MiKTeX 2.9\tex\latex\l3kernel\l3skip.sty"
Package: l3skip 2013/07/28 v4581 L3 Dimensions and skips
\c_zero_dim=\dimen115
\c_max_dim=\dimen116
\l_tmpa_dim=\dimen117
\l_tmpb_dim=\dimen118
\g_tmpa_dim=\dimen119
\g_tmpb_dim=\dimen120
\c_zero_skip=\skip59
\c_max_skip=\skip60
\l_tmpa_skip=\skip61
\l_tmpb_skip=\skip62
\g_tmpa_skip=\skip63
\g_tmpb_skip=\skip64
\c_zero_muskip=\muskip12
\c_max_muskip=\muskip13
\l_tmpa_muskip=\muskip14
\l_tmpb_muskip=\muskip15
\g_tmpa_muskip=\muskip16
\g_tmpb_muskip=\muskip17
)
("C:\Program Files (x86)\MiKTeX 2.9\tex\latex\l3kernel\l3keys.sty"
Package: l3keys 2013/07/28 v4581 L3 Experimental key-value interfaces
\g__keyval_level_int=\count288
\l_keys_choice_int=\count289
)
("C:\Program Files (x86)\MiKTeX 2.9\tex\latex\l3kernel\l3fp.sty"
Package: l3fp 2013/07/09 v4521 L3 Floating points
\c__fp_leading_shift_int=\count290
\c__fp_middle_shift_int=\count291
\c__fp_trailing_shift_int=\count292
\c__fp_big_leading_shift_int=\count293
\c__fp_big_middle_shift_int=\count294
\c__fp_big_trailing_shift_int=\count295
\c__fp_Bigg_leading_shift_int=\count296
\c__fp_Bigg_middle_shift_int=\count297
\c__fp_Bigg_trailing_shift_int=\count298
)
("C:\Program Files (x86)\MiKTeX 2.9\tex\latex\l3kernel\l3box.sty"
Package: l3box 2013/07/28 v4581 L3 Experimental boxes
\c_empty_box=\box29
\l_tmpa_box=\box30
\l_tmpb_box=\box31
\g_tmpa_box=\box32
\g_tmpb_box=\box33
)
("C:\Program Files (x86)\MiKTeX 2.9\tex\latex\l3kernel\l3coffins.sty"
Package: l3coffins 2012/09/09 v4212 L3 Coffin code layer
\l__coffin_internal_box=\box34
\l__coffin_internal_dim=\dimen121
\l__coffin_offset_x_dim=\dimen122
\l__coffin_offset_y_dim=\dimen123
\l__coffin_x_dim=\dimen124
\l__coffin_y_dim=\dimen125
\l__coffin_x_prime_dim=\dimen126
\l__coffin_y_prime_dim=\dimen127
\c_empty_coffin=\box35
\l__coffin_aligned_coffin=\box36
\l__coffin_aligned_internal_coffin=\box37
\l_tmpa_coffin=\box38
\l_tmpb_coffin=\box39
\l__coffin_display_coffin=\box40
\l__coffin_display_coord_coffin=\box41
\l__coffin_display_pole_coffin=\box42
\l__coffin_display_offset_dim=\dimen128
\l__coffin_display_x_dim=\dimen129
\l__coffin_display_y_dim=\dimen130
)
("C:\Program Files (x86)\MiKTeX 2.9\tex\latex\l3kernel\l3color.sty"
Package: l3color 2012/08/29 v4156 L3 Experimental color support
)
("C:\Program Files (x86)\MiKTeX 2.9\tex\latex\l3kernel\l3luatex.sty"
Package: l3luatex 2013/07/28 v4581 L3 Experimental LuaTeX-specific functions
\g__cctab_allocate_int=\count299
\g__cctab_stack_int=\count300
)
("C:\Program Files (x86)\MiKTeX 2.9\tex\latex\l3kernel\l3candidates.sty"
Package: l3candidates 2013/07/24 v4576 L3 Experimental additions to l3kernel
\l__box_top_dim=\dimen131
\l__box_bottom_dim=\dimen132
\l__box_left_dim=\dimen133
\l__box_right_dim=\dimen134
\l__box_top_new_dim=\dimen135
\l__box_bottom_new_dim=\dimen136
\l__box_left_new_dim=\dimen137
\l__box_right_new_dim=\dimen138
\l__box_internal_box=\box43
\l__coffin_bounding_shift_dim=\dimen139
\l__coffin_left_corner_dim=\dimen140
\l__coffin_right_corner_dim=\dimen141
\l__coffin_bottom_corner_dim=\dimen142
\l__coffin_top_corner_dim=\dimen143
\l__coffin_scaled_total_height_dim=\dimen144
\l__coffin_scaled_width_dim=\dimen145
)
("C:\Program Files (x86)\MiKTeX 2.9\tex\generic\oberdiek\ifpdf.sty"
Package: ifpdf 2011/01/30 v2.3 Provides the ifpdf switch (HO)
Package ifpdf Info: pdfTeX in PDF mode is detected.
))
("C:\Program Files (x86)\MiKTeX 2.9\tex\latex\l3packages\xparse\xparse.sty"
Package: xparse 2013/10/08 v4594 L3 Experimental document command parser
\l__xparse_current_arg_int=\count301
\l__xparse_m_args_int=\count302
\l__xparse_mandatory_args_int=\count303
\l__xparse_processor_int=\count304
\l__xparse_v_nesting_int=\count305
)
Package: siunitx 2013/07/31 v2.5s A comprehensive (SI) units package

("C:\Program Files (x86)\MiKTeX 2.9\tex\latex\tools\array.sty"
Package: array 2008/09/09 v2.4c Tabular extension package (FMi)
\col@sep=\dimen146
\extrarowheight=\dimen147
\NC@list=\toks23
\extratabsurround=\skip65
\backup@length=\skip66
)
("C:\Program Files (x86)\MiKTeX 2.9\tex\latex\l3packages\l3keys2e\l3keys2e.sty"
Package: l3keys2e 2013/10/08 v4595 LaTeX2e option processing using LaTeX3 keys
)
Variant \tl_if_blank:VTF already defined; not changing it on line 50
\l__siunitx_tmp_box=\box44
\l__siunitx_tmp_dim=\dimen148
\l__siunitx_tmp_int=\count306
Variant \prop_get:NVNT already defined; not changing it on line 371
Variant \prop_get:NVNF already defined; not changing it on line 372
Variant \prop_get:NVNTF already defined; not changing it on line 373
\l__siunitx_number_mantissa_length_int=\count307
\l__siunitx_number_uncert_length_int=\count308
\l__siunitx_round_int=\count309
\l__siunitx_process_decimal_int=\count310
\l__siunitx_process_uncertainty_int=\count311
\l__siunitx_process_fixed_int=\count312
\l__siunitx_process_integer_min_int=\count313
\l__siunitx_process_precision_int=\count314
\l__siunitx_group_min_int=\count315
\l__siunitx_angle_marker_box=\box45
\l__siunitx_angle_unit_box=\box46
\l__siunitx_angle_marker_dim=\dimen149
\l__siunitx_angle_unit_dim=\dimen150
\l__siunitx_unit_int=\count316
\l__siunitx_unit_denominator_int=\count317
\l__siunitx_unit_numerator_int=\count318
\l__siunitx_unit_prefix_int=\count319
\l__siunitx_unit_prefix_base_int=\count320
\l__siunitx_unit_prefix_gram_int=\count321
\l__siunitx_number_product_int=\count322
\c__siunitx_one_fill_skip=\skip67
\l__siunitx_table_unit_align_skip=\skip68
\l__siunitx_table_exponent_dim=\dimen151
\l__siunitx_table_integer_dim=\dimen152
\l__siunitx_table_mantissa_dim=\dimen153
\l__siunitx_table_marker_dim=\dimen154
\l__siunitx_table_result_dim=\dimen155
\l__siunitx_table_uncert_dim=\dimen156
\l__siunitx_table_fill_pre_dim=\dimen157
\l__siunitx_table_fill_post_dim=\dimen158
\l__siunitx_table_fill_mid_dim=\dimen159
\l__siunitx_table_pre_box=\box47
\l__siunitx_table_post_box=\box48
\l__siunitx_table_mantissa_box=\box49
\l__siunitx_table_result_box=\box50
\l__siunitx_table_number_align_skip=\skip69
\l__siunitx_table_text_align_skip=\skip70
.................................................
. LaTeX info: "xparse/define-command"
. 
. Defining document command \DeclareBinaryPrefix with arg. spec. 'mmm' on line
. 7101.
.................................................
.................................................
. LaTeX info: "xparse/define-command"
. 
. Defining document command \DeclareSIPostPower with arg. spec. 'mm' on line
. 7104.
.................................................
.................................................
. LaTeX info: "xparse/define-command"
. 
. Defining document command \DeclareSIPrefix with arg. spec. 'mmm' on line
. 7107.
.................................................
.................................................
. LaTeX info: "xparse/define-command"
. 
. Defining document command \DeclareSIPrePower with arg. spec. 'mm' on line
. 7110.
.................................................
.................................................
. LaTeX info: "xparse/define-command"
. 
. Defining document command \DeclareSIQualifier with arg. spec. 'mm' on line
. 7113.
.................................................
.................................................
. LaTeX info: "xparse/define-command"
. 
. Defining document command \DeclareSIUnit with arg. spec. 'O{}mm' on line
. 7116.
.................................................
.................................................
. LaTeX info: "xparse/define-command"
. 
. Defining document command \DeclareSIUnitWithOptions with arg. spec. 'mmm' on
. line 7119.
.................................................
.................................................
. LaTeX info: "xparse/define-command"
. 
. Defining document command \ang with arg. spec. 'o>{\SplitArgument {2}{;}}m'
. on line 7134.
.................................................
.................................................
. LaTeX info: "xparse/define-command"
. 
. Defining document command \num with arg. spec. 'om' on line 7142.
.................................................
.................................................
. LaTeX info: "xparse/define-command"
. 
. Defining document command \numlist with arg. spec. 'o>{\SplitList {;}}m' on
. line 7150.
.................................................
.................................................
. LaTeX info: "xparse/define-command"
. 
. Defining document command \numrange with arg. spec. 'omm' on line 7158.
.................................................
.................................................
. LaTeX info: "xparse/define-command"
. 
. Defining document command \SIlist with arg. spec. 'o>{\SplitList {;}}mm' on
. line 7169.
.................................................
.................................................
. LaTeX info: "xparse/define-command"
. 
. Defining document command \SIrange with arg. spec. 'ommm' on line 7180.
.................................................
.................................................
. LaTeX info: "xparse/define-command"
. 
. Defining document command \SI with arg. spec. 'omom' on line 7191.
.................................................
.................................................
. LaTeX info: "xparse/define-command"
. 
. Defining document command \sisetup with arg. spec. 'm' on line 7194.
.................................................
.................................................
. LaTeX info: "xparse/define-command"
. 
. Defining document command \tablenum with arg. spec. 'om' on line 7206.
.................................................
.................................................
. LaTeX info: "xparse/define-command"
. 
. Defining document command \si with arg. spec. 'om' on line 7217.
.................................................
.................................................
. LaTeX info: "xparse/define-command"
. 
. Defining document command \__siunitx_bookmark_num:w with arg. spec. 'om' on
. line 7262.
.................................................
.................................................
. LaTeX info: "xparse/define-command"
. 
. Defining document command \__siunitx_bookmark_numrange:w with arg. spec.
. 'omm' on line 7264.
.................................................
.................................................
. LaTeX info: "xparse/define-command"
. 
. Defining document command \__siunitx_bookmark_SI:w with arg. spec. 'omom' on
. line 7266.
.................................................
.................................................
. LaTeX info: "xparse/define-command"
. 
. Defining document command \__siunitx_bookmark_SIlist:w with arg. spec. 'omm'
. on line 7268.
.................................................
.................................................
. LaTeX info: "xparse/define-command"
. 
. Defining document command \__siunitx_bookmark_SIrange:w with arg. spec.
. 'ommm' on line 7270.
.................................................
.................................................
. LaTeX info: "xparse/define-command"
. 
. Defining document command \__siunitx_bookmark_si:w with arg. spec. 'om' on
. line 7271.
.................................................
\g__file_internal_ior=\read2

("C:\Program Files (x86)\MiKTeX 2.9\tex\latex\beamer\base\translator\translator
.sty"
Package: translator 2010/06/12 ver 1.10

("C:\Program Files (x86)\MiKTeX 2.9\tex\latex\beamer\base\translator\translator
-language-mappings.tex")))
("C:\Program Files (x86)\MiKTeX 2.9\tex\latex\fancyref\fancyref.sty"
Package: fancyref 1999/02/03 v0.9c Fancy cross-referencing

("C:\Program Files (x86)\MiKTeX 2.9\tex\latex\tools\varioref.sty"
Package: varioref 2011/10/02 v1.4z package for extended references (FMi)
\c@vrcnt=\count323
))
("C:\Program Files (x86)\MiKTeX 2.9\tex\latex\booktabs\booktabs.sty"
Package: booktabs 2005/04/14 v1.61803 publication quality tables
\heavyrulewidth=\dimen160
\lightrulewidth=\dimen161
\cmidrulewidth=\dimen162
\belowrulesep=\dimen163
\belowbottomsep=\dimen164
\aboverulesep=\dimen165
\abovetopsep=\dimen166
\cmidrulesep=\dimen167
\cmidrulekern=\dimen168
\defaultaddspace=\dimen169
\@cmidla=\count324
\@cmidlb=\count325
\@aboverulesep=\dimen170
\@belowrulesep=\dimen171
\@thisruleclass=\count326
\@lastruleclass=\count327
\@thisrulewidth=\dimen172
)
("C:\Program Files (x86)\MiKTeX 2.9\tex\latex\rotating\rotating.sty"
Package: rotating 2009/03/28 v2.16a rotated objects in LaTeX
\c@r@tfl@t=\count328
\rotFPtop=\skip71
\rotFPbot=\skip72
\rot@float@box=\box51
\rot@mess@toks=\toks24
)
("C:\Program Files (x86)\MiKTeX 2.9\tex\latex\graphics\lscape.sty"
Package: lscape 2000/10/22 v3.01 Landscape Pages (DPC)
)
("C:\Program Files (x86)\MiKTeX 2.9\tex\latex\subfig\subfig.sty"
Package: subfig 2005/06/28 ver: 1.3 subfig package

("C:\Program Files (x86)\MiKTeX 2.9\tex\latex\caption\caption.sty"
Package: caption 2013/05/02 v3.3-89 Customizing captions (AR)

("C:\Program Files (x86)\MiKTeX 2.9\tex\latex\caption\caption3.sty"
Package: caption3 2013/05/02 v1.6-88 caption3 kernel (AR)
Package caption3 Info: TeX engine: e-TeX on input line 57.
\captionmargin=\dimen173
\captionmargin@=\dimen174
\captionwidth=\dimen175
\caption@tempdima=\dimen176
\caption@indent=\dimen177
\caption@parindent=\dimen178
\caption@hangindent=\dimen179
)
Package caption Info: KOMA-Script document class.
\c@ContinuedFloat=\count329
Package caption Info: rotating package is loaded.
)
\c@KVtest=\count330
\sf@farskip=\skip73
\sf@captopadj=\dimen180
\sf@capskip=\skip74
\sf@nearskip=\skip75
\c@subfigure=\count331
\c@subfigure@save=\count332
\c@lofdepth=\count333
\c@subtable=\count334
\c@subtable@save=\count335
\c@lotdepth=\count336
\sf@top=\skip76
\sf@bottom=\skip77
)
("C:\Program Files (x86)\MiKTeX 2.9\tex\latex\ltxmisc\here.sty")
("C:\Program Files (x86)\MiKTeX 2.9\tex\latex\graphics\color.sty"
Package: color 2005/11/14 v1.0j Standard LaTeX Color (DPC)

("C:\Program Files (x86)\MiKTeX 2.9\tex\latex\00miktex\color.cfg"
File: color.cfg 2007/01/18 v1.5 color configuration of teTeX/TeXLive
)
Package color Info: Driver file: pdftex.def on input line 130.
)
("C:\Program Files (x86)\MiKTeX 2.9\tex\latex\geometry\geometry.sty"
Package: geometry 2010/09/12 v5.6 Page Geometry

("C:\Program Files (x86)\MiKTeX 2.9\tex\generic\oberdiek\ifvtex.sty"
Package: ifvtex 2010/03/01 v1.5 Detect VTeX and its facilities (HO)
Package ifvtex Info: VTeX not detected.
)
("C:\Program Files (x86)\MiKTeX 2.9\tex\generic\ifxetex\ifxetex.sty"
Package: ifxetex 2010/09/12 v0.6 Provides ifxetex conditional
)
\Gm@cnth=\count337
\Gm@cntv=\count338
\c@Gm@tempcnt=\count339
\Gm@bindingoffset=\dimen181
\Gm@wd@mp=\dimen182
\Gm@odd@mp=\dimen183
\Gm@even@mp=\dimen184
\Gm@layoutwidth=\dimen185
\Gm@layoutheight=\dimen186
\Gm@layouthoffset=\dimen187
\Gm@layoutvoffset=\dimen188
\Gm@dimlist=\toks25

("C:\Program Files (x86)\MiKTeX 2.9\tex\latex\geometry\geometry.cfg"))
("C:\Program Files (x86)\MiKTeX 2.9\tex\latex\mdwtools\mdwlist.sty"
Package: mdwlist 1996/05/02 1.1 Various list-related things
)
Package csquotes Info: Checking for multilingual support...
Package csquotes Info: ... found 'babel' package.
Package biblatex Info: Trying to load language 'ngerman'...
Package biblatex Info: ... file 'ngerman.lbx' found.

("C:\Program Files (x86)\MiKTeX 2.9\tex\latex\biblatex\lbx\ngerman.lbx"
File: ngerman.lbx 2013/07/15 v2.7a biblatex localization (PK/JW/AB)
Package biblatex Info: Trying to load language 'german'...
Package biblatex Info: ... file 'german.lbx' found.

("C:\Program Files (x86)\MiKTeX 2.9\tex\latex\biblatex\lbx\german.lbx"
File: german.lbx 2013/07/15 v2.7a biblatex localization (PK/JW/AB)
))
(C:\Users\B\Documents\Bac\bac200414.aux

LaTeX Warning: Label `fig:Kb1a' multiply defined.

)
LaTeX Font Info:    Checking defaults for OML/cmm/m/it on input line 25.
LaTeX Font Info:    ... okay on input line 25.
LaTeX Font Info:    Checking defaults for T1/cmr/m/n on input line 25.
LaTeX Font Info:    ... okay on input line 25.
LaTeX Font Info:    Checking defaults for OT1/cmr/m/n on input line 25.
LaTeX Font Info:    ... okay on input line 25.
LaTeX Font Info:    Checking defaults for OMS/cmsy/m/n on input line 25.
LaTeX Font Info:    ... okay on input line 25.
LaTeX Font Info:    Checking defaults for OMX/cmex/m/n on input line 25.
LaTeX Font Info:    ... okay on input line 25.
LaTeX Font Info:    Checking defaults for U/cmr/m/n on input line 25.
LaTeX Font Info:    ... okay on input line 25.
LaTeX Font Info:    Try loading font information for T1+lmr on input line 25.
 ("C:\Program Files (x86)\MiKTeX 2.9\tex\latex\lm\t1lmr.fd"
File: t1lmr.fd 2009/10/30 v1.6 Font defs for Latin Modern
)
Package biblatex Info: Input encoding 'utf8' detected.
Package biblatex Info: Automatic encoding selection.
(biblatex)             Assuming data encoding 'utf8'.


Package biblatex Warning: Data encoding is 'utf8'.
(biblatex)                Use backend=biber.

Package biblatex Info: Trying to load bibliographic data...
Package biblatex Info: ... file 'bac200414.bbl' found.
(C:\Users\B\Documents\Bac\bac200414.bbl)
Package biblatex Info: Reference section=0 on input line 25.
Package biblatex Info: Reference segment=0 on input line 25.

("C:\Program Files (x86)\MiKTeX 2.9\tex\context\base\supp-pdf.mkii"
[Loading MPS to PDF converter (version 2006.09.02).]
\scratchcounter=\count340
\scratchdimen=\dimen189
\scratchbox=\box52
\nofMPsegments=\count341
\nofMParguments=\count342
\everyMPshowfont=\toks26
\MPscratchCnt=\count343
\MPscratchDim=\dimen190
\MPnumerator=\count344
\makeMPintoPDFobject=\count345
\everyMPtoPDFconversion=\toks27
)
Now handling font encoding TS1 ...
... processing UTF-8 mapping file for font encoding TS1
 ("C:\Program Files (x86)\MiKTeX 2.9\tex\latex\base\ts1enc.dfu"
File: ts1enc.dfu 2008/04/05 v1.1m UTF-8 support for inputenc
   defining Unicode char U+00A2 (decimal 162)
   defining Unicode char U+00A3 (decimal 163)
   defining Unicode char U+00A4 (decimal 164)
   defining Unicode char U+00A5 (decimal 165)
   defining Unicode char U+00A6 (decimal 166)
   defining Unicode char U+00A7 (decimal 167)
   defining Unicode char U+00A8 (decimal 168)
   defining Unicode char U+00A9 (decimal 169)
   defining Unicode char U+00AA (decimal 170)
   defining Unicode char U+00AC (decimal 172)
   defining Unicode char U+00AE (decimal 174)
   defining Unicode char U+00AF (decimal 175)
   defining Unicode char U+00B0 (decimal 176)
   defining Unicode char U+00B1 (decimal 177)
   defining Unicode char U+00B2 (decimal 178)
   defining Unicode char U+00B3 (decimal 179)
   defining Unicode char U+00B4 (decimal 180)
   defining Unicode char U+00B5 (decimal 181)
   defining Unicode char U+00B6 (decimal 182)
   defining Unicode char U+00B7 (decimal 183)
   defining Unicode char U+00B9 (decimal 185)
   defining Unicode char U+00BA (decimal 186)
   defining Unicode char U+00BC (decimal 188)
   defining Unicode char U+00BD (decimal 189)
   defining Unicode char U+00BE (decimal 190)
   defining Unicode char U+00D7 (decimal 215)
   defining Unicode char U+00F7 (decimal 247)
   defining Unicode char U+0192 (decimal 402)
   defining Unicode char U+02C7 (decimal 711)
   defining Unicode char U+02D8 (decimal 728)
   defining Unicode char U+02DD (decimal 733)
   defining Unicode char U+0E3F (decimal 3647)
   defining Unicode char U+2016 (decimal 8214)
   defining Unicode char U+2020 (decimal 8224)
   defining Unicode char U+2021 (decimal 8225)
   defining Unicode char U+2022 (decimal 8226)
   defining Unicode char U+2030 (decimal 8240)
   defining Unicode char U+2031 (decimal 8241)
   defining Unicode char U+203B (decimal 8251)
   defining Unicode char U+203D (decimal 8253)
   defining Unicode char U+2044 (decimal 8260)
   defining Unicode char U+204E (decimal 8270)
   defining Unicode char U+2052 (decimal 8274)
   defining Unicode char U+20A1 (decimal 8353)
   defining Unicode char U+20A4 (decimal 8356)
   defining Unicode char U+20A6 (decimal 8358)
   defining Unicode char U+20A9 (decimal 8361)
   defining Unicode char U+20AB (decimal 8363)
   defining Unicode char U+20AC (decimal 8364)
   defining Unicode char U+20B1 (decimal 8369)
   defining Unicode char U+2103 (decimal 8451)
   defining Unicode char U+2116 (decimal 8470)
   defining Unicode char U+2117 (decimal 8471)
   defining Unicode char U+211E (decimal 8478)
   defining Unicode char U+2120 (decimal 8480)
   defining Unicode char U+2122 (decimal 8482)
   defining Unicode char U+2126 (decimal 8486)
   defining Unicode char U+2127 (decimal 8487)
   defining Unicode char U+212E (decimal 8494)
   defining Unicode char U+2190 (decimal 8592)
   defining Unicode char U+2191 (decimal 8593)
   defining Unicode char U+2192 (decimal 8594)
   defining Unicode char U+2193 (decimal 8595)
   defining Unicode char U+2329 (decimal 9001)
   defining Unicode char U+232A (decimal 9002)
   defining Unicode char U+2422 (decimal 9250)
   defining Unicode char U+25E6 (decimal 9702)
   defining Unicode char U+25EF (decimal 9711)
   defining Unicode char U+266A (decimal 9834)
)
("C:\Program Files (x86)\MiKTeX 2.9\tex\latex\beamer\base\translator\dicts\tran
slator-basic-dictionary\translator-basic-dictionary-English.dict"
Dictionary: translator-basic-dictionary, Language: English 
)
("C:\Program Files (x86)\MiKTeX 2.9\tex\latex\siunitx\config\siunitx-abbreviati
ons.cfg"
File: siunitx-abbreviations.cfg 2013/07/31 v2.5s siunitx: Abbreviated units
)
Package caption Info: Begin \AtBeginDocument code.
Package caption Info: subfig package v1.3 is loaded.
Package caption Info: End \AtBeginDocument code.

*geometry* driver: auto-detecting
*geometry* detected driver: pdftex
*geometry* verbose mode - [ preamble ] result:
* driver: pdftex
* paper: a4paper
* layout: <same size as paper>
* layoutoffset:(h,v)=(0.0pt,0.0pt)
* modes: 
* h-part:(L,W,R)=(85.35826pt, 426.79135pt, 85.35826pt)
* v-part:(T,H,B)=(56.9055pt, 731.23584pt, 56.9055pt)
* \paperwidth=597.50787pt
* \paperheight=845.04684pt
* \textwidth=426.79135pt
* \textheight=731.23584pt
* \oddsidemargin=13.08827pt
* \evensidemargin=13.08827pt
* \topmargin=-55.23949pt
* \headheight=18.125pt
* \headsep=21.75pt
* \topskip=12.0pt
* \footskip=50.75pt
* \marginparwidth=49.79233pt
* \marginparsep=12.8401pt
* \columnsep=10.0pt
* \skip\footins=10.8pt plus 4.0pt minus 2.0pt
* \hoffset=0.0pt
* \voffset=0.0pt
* \mag=1000
* \@twocolumnfalse
* \@twosidefalse
* \@mparswitchfalse
* \@reversemarginfalse
* (1in=72.27pt=25.4mm, 1cm=28.453pt)

\c__siunitx_mathsf_int=\count346
LaTeX Font Info:    Try loading font information for OT1+lmr on input line 25.
("C:\Program Files (x86)\MiKTeX 2.9\tex\latex\lm\ot1lmr.fd"
File: ot1lmr.fd 2009/10/30 v1.6 Font defs for Latin Modern
)
LaTeX Font Info:    Try loading font information for OML+lmm on input line 25.

("C:\Program Files (x86)\MiKTeX 2.9\tex\latex\lm\omllmm.fd"
File: omllmm.fd 2009/10/30 v1.6 Font defs for Latin Modern
)
LaTeX Font Info:    Try loading font information for OMS+lmsy on input line 25.


("C:\Program Files (x86)\MiKTeX 2.9\tex\latex\lm\omslmsy.fd"
File: omslmsy.fd 2009/10/30 v1.6 Font defs for Latin Modern
)
LaTeX Font Info:    Try loading font information for OMX+lmex on input line 25.


("C:\Program Files (x86)\MiKTeX 2.9\tex\latex\lm\omxlmex.fd"
File: omxlmex.fd 2009/10/30 v1.6 Font defs for Latin Modern
)
LaTeX Font Info:    External font `lmex10' loaded for size
(Font)              <12> on input line 25.
LaTeX Font Info:    External font `lmex10' loaded for size
(Font)              <8> on input line 25.
LaTeX Font Info:    External font `lmex10' loaded for size
(Font)              <6> on input line 25.
LaTeX Font Info:    Try loading font information for U+msa on input line 25.

("C:\Program Files (x86)\MiKTeX 2.9\tex\latex\amsfonts\umsa.fd"
File: umsa.fd 2013/01/14 v3.01 AMS symbols A
)
LaTeX Font Info:    Try loading font information for U+msb on input line 25.

("C:\Program Files (x86)\MiKTeX 2.9\tex\latex\amsfonts\umsb.fd"
File: umsb.fd 2013/01/14 v3.01 AMS symbols B
)
LaTeX Font Info:    Try loading font information for OT1+lmss on input line 25.


("C:\Program Files (x86)\MiKTeX 2.9\tex\latex\lm\ot1lmss.fd"
File: ot1lmss.fd 2009/10/30 v1.6 Font defs for Latin Modern
)
\c__siunitx_mathtt_int=\count347
LaTeX Font Info:    Try loading font information for OT1+lmtt on input line 25.


("C:\Program Files (x86)\MiKTeX 2.9\tex\latex\lm\ot1lmtt.fd"
File: ot1lmtt.fd 2009/10/30 v1.6 Font defs for Latin Modern
)
LaTeX Font Info:    Try loading font information for T1+lmss on input line 29.

("C:\Program Files (x86)\MiKTeX 2.9\tex\latex\lm\t1lmss.fd"
File: t1lmss.fd 2009/10/30 v1.6 Font defs for Latin Modern
)
LaTeX Font Info:    External font `lmex10' loaded for size
(Font)              <17.28> on input line 29.
LaTeX Font Info:    External font `lmex10' loaded for size
(Font)              <10> on input line 29.
 [1


{C:/ProgramData/MiKTeX/2.9/pdftex/config/pdftex.map}] (C:\Users\B\Documents\Bac
\bac200414.toc)
\tf@toc=\write4

(C:\Users\B\Documents\Bac\bac200414.lof [2] [3])
\tf@lof=\write5

(C:\Users\B\Documents\Bac\bac200414.lot)
\tf@lot=\write6
 [4]
LaTeX Font Info:    Try loading font information for OMS+lmr on input line 44.

("C:\Program Files (x86)\MiKTeX 2.9\tex\latex\lm\omslmr.fd"
File: omslmr.fd 2009/10/30 v1.6 Font defs for Latin Modern
)
LaTeX Font Info:    Font shape `OMS/lmr/m/n' in size <12> not available
(Font)              Font shape `OMS/lmsy/m/n' tried instead on input line 44.

<BauteilNeu.jpg, id=23, 552.56438pt x 286.06876pt>
File: BauteilNeu.jpg Graphic file (type jpg)
 <use BauteilNeu.jpg>
Package pdftex.def Info: BauteilNeu.jpg used on input line 55.
(pdftex.def)             Requested size: 341.43437pt x 176.76277pt.

[5] [6 <C:/Users/B/Documents/Bac/BauteilNeu.jpg>]
<audia3blau.png, id=30, 551.81157pt x 264.23718pt>
File: audia3blau.png Graphic file (type png)
 <use audia3blau.png>
Package pdftex.def Info: audia3blau.png used on input line 80.
(pdftex.def)             Requested size: 257.53276pt x 123.32059pt.

<audivdkd.png, id=32, 590.205pt x 473.51906pt>
File: audivdkd.png Graphic file (type png)
 <use audivdkd.png>
Package pdftex.def Info: audivdkd.png used on input line 82.
(pdftex.def)             Requested size: 155.22382pt x 124.53543pt.
LaTeX Font Info:    External font `lmex10' loaded for size
(Font)              <7> on input line 87.

Underfull \hbox (badness 10000) in paragraph at lines 87--87
[][]\T1/lmr/m/n/10 Vgl.http://www.cars.co.za/motoring_news/2014-audi-a3-cabriol
et-completes-the-a3-
 []

<vdkdtol.png, id=33, 445.665pt x 342.5297pt>
File: vdkdtol.png Graphic file (type png)
 <use vdkdtol.png>
Package pdftex.def Info: vdkdtol.png used on input line 104.
(pdftex.def)             Requested size: 341.43437pt x 262.42113pt.
LaTeX Font Info:    Try loading font information for TS1+lmr on input line 118.


("C:\Program Files (x86)\MiKTeX 2.9\tex\latex\lm\ts1lmr.fd"
File: ts1lmr.fd 2009/10/30 v1.6 Font defs for Latin Modern
)
<spanndehn2.png, id=34, 377.91188pt x 236.38312pt>
File: spanndehn2.png Graphic file (type png)
 <use spanndehn2.png>
Package pdftex.def Info: spanndehn2.png used on input line 122.
(pdftex.def)             Requested size: 341.43437pt x 213.56882pt.

Overfull \hbox (9.15703pt too wide) in paragraph at lines 116--127
\T1/lmr/m/n/12 cha-ni-schen Ei-gen-schaf-ten sind die Zug-fes-tig-keit $\OML/lm
m/m/it/12 R[]\OT1/lmr/m/n/12 [[]$\T1/lmr/m/n/12 ], Deh-nung $\OML/lmm/m/it/12 R
[]\OT1/lmr/m/n/12 [[]]$\T1/lmr/m/n/12 ,
 []

[7 <C:/Users/B/Documents/Bac/audia3blau.png> <C:/Users/B/Documents/Bac/audivdkd
.png>] [8 <C:/Users/B/Documents/Bac/vdkdtol.png>]
LaTeX Font Info:    Try loading font information for T1+lmtt on input line 132.


("C:\Program Files (x86)\MiKTeX 2.9\tex\latex\lm\t1lmtt.fd"
File: t1lmtt.fd 2009/10/30 v1.6 Font defs for Latin Modern
)
<Streckbiegemaschine.jpg, id=51, 3302.3375pt x 2483.2775pt>
File: Streckbiegemaschine.jpg Graphic file (type jpg)

<use Streckbiegemaschine.jpg>
Package pdftex.def Info: Streckbiegemaschine.jpg used on input line 135.
(pdftex.def)             Requested size: 341.43437pt x 256.71637pt.
 [9 <C:/Users/B/Documents/Bac/spanndehn2.png>]
<streckbiegen.png, id=56, 363.60844pt x 255.20343pt>
File: streckbiegen.png Graphic file (type png)
 <use streckbiegen.png>
Package pdftex.def Info: streckbiegen.png used on input line 145.
(pdftex.def)             Requested size: 341.43437pt x 239.64592pt.

[10 <C:/Users/B/Documents/Bac/Streckbiegemaschine.jpg>]
Underfull \hbox (badness 10000) in paragraph at lines 151--154

 []

[11 <C:/Users/B/Documents/Bac/streckbiegen.png>]
<springback.png, id=65, 376.40625pt x 225.84375pt>
File: springback.png Graphic file (type png)
 <use springback.png>
Package pdftex.def Info: springback.png used on input line 157.
(pdftex.def)             Requested size: 341.43437pt x 204.8737pt.

<neutralefaser.png, id=66, 406.51875pt x 268.75406pt>
File: neutralefaser.png Graphic file (type png)
 <use neutralefaser.png>
Package pdftex.def Info: neutralefaser.png used on input line 167.
(pdftex.def)             Requested size: 341.43437pt x 225.73546pt.

[12 <C:/Users/B/Documents/Bac/springback.png>]
Underfull \hbox (badness 10000) in paragraph at lines 182--182
[][]\T1/lmr/m/n/10 Vgl.$\T1/lmtt/m/n/10 http : / / woerterbuchnetz . de / DWB /
 ?sigle = DWB&mode = Gliederung&lemid =$
 []

<kropfeinhzeich.jpg, id=71, 830.39647pt x 1394.38588pt>
File: kropfeinhzeich.jpg Graphic file (type jpg)

<use kropfeinhzeich.jpg>
Package pdftex.def Info: kropfeinhzeich.jpg used on input line 187.
(pdftex.def)             Requested size: 170.23238pt x 285.85095pt.
 <kropfeinheit.png, id=72, 250.68657pt x 329.73187pt>
File: kropfeinheit.png Graphic file (type png)

<use kropfeinheit.png>
Package pdftex.def Info: kropfeinheit.png used on input line 189.
(pdftex.def)             Requested size: 217.59444pt x 286.20529pt.

<kropffrasbereich.png, id=73, 183.68625pt x 193.47281pt>
File: kropffrasbereich.png Graphic file (type png)

<use kropffrasbereich.png>
Package pdftex.def Info: kropffrasbereich.png used on input line 198.
(pdftex.def)             Requested size: 150.99084pt x 159.03546pt.
 <kropfung.jpg, id=74, 1463.4675pt x 1000.73875pt>
File: kropfung.jpg Graphic file (type jpg)

<use kropfung.jpg>
Package pdftex.def Info: kropfung.jpg used on input line 200.
(pdftex.def)             Requested size: 234.15958pt x 160.12148pt.
 <kropfeinzeichFarb.jpg, id=75, 410.2828pt x 374.90062pt>
File: kropfeinzeichFarb.jpg Graphic file (type jpg)

<use kropfeinzeichFarb.jpg>
Package pdftex.def Info: kropfeinzeichFarb.jpg used on input line 211.
(pdftex.def)             Requested size: 341.43437pt x 311.98547pt.
 <krpfsequenz.png, id=76, 584.1825pt x 220.57407pt>
File: krpfsequenz.png Graphic file (type png)

<use krpfsequenz.png>
Package pdftex.def Info: krpfsequenz.png used on input line 232.
(pdftex.def)             Requested size: 341.43437pt x 128.92255pt.
 [13 <C:/Users/B/Documents/Bac/neutralefaser.png>]
[14 <C:/Users/B/Documents/Bac/kropfeinhzeich.jpg> <C:/Users/B/Documents/Bac/kro
pfeinheit.png> <C:/Users/B/Documents/Bac/kropffrasbereich.png> <C:/Users/B/Docu
ments/Bac/kropfung.jpg>] <krpfgesamt.png, id=87, 441.90094pt x 362.10281pt>
File: krpfgesamt.png Graphic file (type png)

<use krpfgesamt.png>
Package pdftex.def Info: krpfgesamt.png used on input line 245.
(pdftex.def)             Requested size: 341.43437pt x 279.79245pt.
 [15 <C:/Users/B/Documents/Bac/kropfeinzeichFarb.jpg> <C:/Users/B/Documents/Bac
/krpfsequenz.png>] [16 <C:/Users/B/Documents/Bac/krpfgesamt.png>] <materialflus
svergleich.png, id=96, 508.90125pt x 256.70906pt>
File: materialflussvergleich.png Graphic file (type png)

<use materialflussvergleich.png>
Package pdftex.def Info: materialflussvergleich.png used on input line 259.
(pdftex.def)             Requested size: 341.43437pt x 172.23701pt.
 [17 <C:/Users/B/Documents/Bac/materialflussvergleich.png>] [18]
Underfull \hbox (badness 10000) in paragraph at lines 329--329
[][]\T1/lmr/m/n/10 Vgl.$\T1/lmtt/m/n/10 http : / / www . unibw . de / lrt5 / le
hre / praktikum / zusatzinformationen / download4 / at _$
 []

[19] <klip.jpg, id=112, 1543.17706pt x 1048.62354pt>
File: klip.jpg Graphic file (type jpg)
 <use klip.jpg>
Package pdftex.def Info: klip.jpg used on input line 351.
(pdftex.def)             Requested size: 341.43437pt x 232.00995pt.

<messpunktevdkda3.png, id=113, 387.69844pt x 172.39406pt>
File: messpunktevdkda3.png Graphic file (type png)

<use messpunktevdkda3.png>
Package pdftex.def Info: messpunktevdkda3.png used on input line 367.
(pdftex.def)             Requested size: 341.43437pt x 151.8256pt.

<Messlehre.jpg, id=114, 3150.77126pt x 1191.45125pt>
File: Messlehre.jpg Graphic file (type jpg)
 <use Messlehre.jpg>
Package pdftex.def Info: Messlehre.jpg used on input line 382.
(pdftex.def)             Requested size: 276.34566pt x 104.49898pt.

<messvdkd.jpg, id=115, 3296.315pt x 2477.255pt>
File: messvdkd.jpg Graphic file (type jpg)
 <use messvdkd.jpg>
Package pdftex.def Info: messvdkd.jpg used on input line 384.
(pdftex.def)             Requested size: 138.46944pt x 104.0629pt.
 [20 <C:/Users/B/Documents/Bac/klip.jpg>]

! LaTeX Error: File `standardstreckb' not found.

See the LaTeX manual or LaTeX Companion for explanation.
Type  H <return>  for immediate help.
 ...                                              
                                                  
l.394 ...ics[width=0.8\textwidth]{standardstreckb}
                                                  
I could not locate the file with any of these extensions:
.png,.pdf,.jpg,.mps,.jpeg,.jbig2,.jb2,.PNG,.PDF,.JPG,.JPEG,.JBIG2,.JB2
Try typing  <return>  to proceed.
If that doesn't work, type  X <return>  to quit.

[21 <C:/Users/B/Documents/Bac/messpunktevdkda3.png> <C:/Users/B/Documents/Bac/M
esslehre.jpg> <C:/Users/B/Documents/Bac/messvdkd.jpg>]
Overfull \hbox (12.87491pt too wide) in paragraph at lines 415--460
[][] 
 []

<mitkontausstrckb.png, id=123, 501.37312pt x 744.53156pt>
File: mitkontausstrckb.png Graphic file (type png)

<use mitkontausstrckb.png>
Package pdftex.def Info: mitkontausstrckb.png used on input line 464.
(pdftex.def)             Requested size: 341.43437pt x 507.04729pt.
 [22] [23 <C:/Users/B/Documents/Bac/mitkontausstrckb.png>]
Underfull \hbox (badness 10000) in paragraph at lines 471--471
[][]\T1/lmr/m/n/10 Vgl.$\T1/lmtt/m/n/10 http : / / www . alumeco . de / Technis
che _ Informationen / Zustandsbezeichnungen .$
 []


Overfull \hbox (36.2082pt too wide) in paragraph at lines 506--559
[][] 
 []

[24] [25] <messwerte2.png, id=140, 517.18219pt x 1103.62312pt>
File: messwerte2.png Graphic file (type png)

<use messwerte2.png>
Package pdftex.def Info: messwerte2.png used on input line 565.
(pdftex.def)             Requested size: 341.43437pt x 728.61244pt.


LaTeX Warning: Float too large for page by 21.87659pt on input line 568.


LaTeX Warning: Reference `fig:standard123' on page 26 undefined on input line 5
69.


LaTeX Warning: Reference `fig:standard123' on page 26 undefined on input line 5
69.


LaTeX Warning: Reference `fig:favstrb' on page 26 undefined on input line 571.


LaTeX Warning: Reference `fig:favstrb' on page 26 undefined on input line 571.

<fraesneumess.jpg, id=141, 510.40688pt x 638.385pt>
File: fraesneumess.jpg Graphic file (type jpg)
 <use fraesneumess.jpg>
Package pdftex.def Info: fraesneumess.jpg used on input line 578.
(pdftex.def)             Requested size: 341.43437pt x 427.06308pt.

Overfull \hbox (20.65271pt too wide) in paragraph at lines 593--643
[][] 
 []

[26] [27 <C:/Users/B/Documents/Bac/messwerte2.png>] [28 <C:/Users/B/Documents/B
ac/fraesneumess.jpg>] [29] [30]
<messstreifen.jpg, id=159, 2346.7675pt x 1583.9175pt>
File: messstreifen.jpg Graphic file (type jpg)
 <use messstreifen.jpg>
Package pdftex.def Info: messstreifen.jpg used on input line 667.
(pdftex.def)             Requested size: 341.43437pt x 230.42346pt.

<messaction.jpg, id=160, 2258.4375pt x 1090.0725pt>
File: messaction.jpg Graphic file (type jpg)
 <use messaction.jpg>
Package pdftex.def Info: messaction.jpg used on input line 673.
(pdftex.def)             Requested size: 341.43437pt x 164.78456pt.

[31 <C:/Users/B/Documents/Bac/messstreifen.jpg> <C:/Users/B/Documents/Bac/messa
ction.jpg>]
<messbereicheVDKDunterseite.jpg, id=165, 886.06032pt x 286.82156pt>
File: messbereicheVDKDunterseite.jpg Graphic file (type jpg)

<use messbereicheVDKDunterseite.jpg>
Package pdftex.def Info: messbereicheVDKDunterseite.jpg used on input line 700.

(pdftex.def)             Requested size: 341.43437pt x 110.5251pt.

<Kreide.jpg, id=166, 1770.615pt x 835.12pt>
File: Kreide.jpg Graphic file (type jpg)
 <use Kreide.jpg>
Package pdftex.def Info: Kreide.jpg used on input line 733.
(pdftex.def)             Requested size: 341.43437pt x 161.03188pt.
 [32 <C:/Users/B/Documents/Bac/messbereicheVDKDunterseite.jpg>]
<warmleittip.png, id=170, 126.4725pt x 165.61874pt>
File: warmleittip.png Graphic file (type png)
 <use warmleittip.png>
Package pdftex.def Info: warmleittip.png used on input line 754.
(pdftex.def)             Requested size: 341.43437pt x 447.12856pt.

[33 <C:/Users/B/Documents/Bac/Kreide.jpg>] [34 <C:/Users/B/Documents/Bac/warmle
ittip.png>]
Underfull \hbox (badness 10000) in paragraph at lines 770--770
[][]\T1/lmr/m/n/10 Vgl.$\T1/lmtt/m/n/10 http : / / www . smh-[]metalle . de / i
nternet / media / smh / pdf / datenblatt / datenblatt _ en _$
 []


Overfull \hbox (17.6747pt too wide) in paragraph at lines 774--775
[]\T1/lmr/m/n/12 Wirkungsgrad des Breit-keil-rie-men-ge-trie-bes der Po-lier-ma
-schi-ne (Richt-wert 0,85)[] 
 []

[35] <diagrammpolier.jpg, id=181, 472.01344pt x 515.67656pt>
File: diagrammpolier.jpg Graphic file (type jpg)

<use diagrammpolier.jpg>
Package pdftex.def Info: diagrammpolier.jpg used on input line 800.
(pdftex.def)             Requested size: 341.43437pt x 373.02579pt.
 [36 <C:/Users/B/Documents/Bac/diagrammpolier.jpg>]
[37] [38]
LaTeX Font Info:    Font shape `OMS/lmr/m/it' in size <8> not available
(Font)              Font shape `OMS/lmsy/m/n' tried instead on input line 825.
LaTeX Font Info:    Font shape `OMS/lmr/m/n' in size <8> not available
(Font)              Font shape `OMS/lmsy/m/n' tried instead on input line 825.

Underfull \hbox (badness 10000) in paragraph at lines 830--830
[][]\T1/lmr/m/n/10 Vgl.$\T1/lmtt/m/n/10 http : / / www . murtfeldt . de / produ
kte / kunststoffe / technische-[]kunststoffe /$
 []


Overfull \hbox (6.57358pt too wide) in paragraph at lines 828--831
\T1/lmr/m/n/12 Streck-span-nung/Bruchspannung [][], Zug-Elastizittsmodul [][],
 Ku-
 []


Overfull \hbox (0.35243pt too wide) in paragraph at lines 834--836
[]\T1/lmr/bx/n/12 POM-C \T1/lmr/m/n/12 (Po-ly-oxy-me-thy-len, ther-mo-plas-ti-s
cher Kunst-stoff (Ther-mo-plas-te auch
 []

[39]
Overfull \hbox (8.99078pt too wide) in paragraph at lines 839--840
[]\T1/lmr/m/n/12 Die Pro-ben des Werk-stoff-ma-te-ri-als be-stan-den aus streck
-ge-bo-ge-nen Alu-mi-ni-um Strang-
 []

<diebronze.jpg, id=196, 505.89pt x 361.35pt>
File: diebronze.jpg Graphic file (type jpg)
 <use diebronze.jpg>
Package pdftex.def Info: diebronze.jpg used on input line 847.
(pdftex.def)             Requested size: 115.23404pt x 82.30925pt.

<diestahl.jpg, id=197, 2122.93124pt x 1505.625pt>
File: diestahl.jpg Graphic file (type jpg)
 <use diestahl.jpg>
Package pdftex.def Info: diestahl.jpg used on input line 850.
(pdftex.def)             Requested size: 115.23404pt x 81.71837pt.

<diekunst.jpg, id=198, 554.5518pt x 384.9582pt>
File: diekunst.jpg Graphic file (type jpg)
 <use diekunst.jpg>
Package pdftex.def Info: diekunst.jpg used on input line 853.
(pdftex.def)             Requested size: 119.64742pt x 83.05222pt.

<punchbronze.jpg, id=199, 537.6888pt x 367.3725pt>
File: punchbronze.jpg Graphic file (type jpg)
 <use punchbronze.jpg>
Package pdftex.def Info: punchbronze.jpg used on input line 867.
(pdftex.def)             Requested size: 115.23404pt x 78.73128pt.

<punchstahl.jpg, id=200, 2250.4075pt x 1561.835pt>
File: punchstahl.jpg Graphic file (type jpg)
 <use punchstahl.jpg>
Package pdftex.def Info: punchstahl.jpg used on input line 870.
(pdftex.def)             Requested size: 115.23404pt x 79.95518pt.

<punchkunst.jpg, id=201, 4835.06375pt x 3011.25pt>
File: punchkunst.jpg Graphic file (type jpg)
 <use punchkunst.jpg>
Package pdftex.def Info: punchkunst.jpg used on input line 873.
(pdftex.def)             Requested size: 126.37004pt x 78.66283pt.

<niederhalterkunst.jpg, id=202, 287.1528pt x 212.4738pt>
File: niederhalterkunst.jpg Graphic file (type jpg)

<use niederhalterkunst.jpg>
Package pdftex.def Info: niederhalterkunst.jpg used on input line 889.
(pdftex.def)             Requested size: 178.60954pt x 132.16357pt.

<niederhalterS.jpg, id=203, 2017.5375pt x 1455.4375pt>
File: niederhalterS.jpg Graphic file (type jpg)
 <use niederhalterS.jpg>
Package pdftex.def Info: niederhalterS.jpg used on input line 892.
(pdftex.def)             Requested size: 182.45146pt x 131.60555pt.

[40 <C:/Users/B/Documents/Bac/diebronze.jpg> <C:/Users/B/Documents/Bac/diestahl
.jpg> <C:/Users/B/Documents/Bac/diekunst.jpg> <C:/Users/B/Documents/Bac/punchbr
onze.jpg> <C:/Users/B/Documents/Bac/punchstahl.jpg> <C:/Users/B/Documents/Bac/p
unchkunst.jpg> <C:/Users/B/Documents/Bac/niederhalterkunst.jpg> <C:/Users/B/Doc
uments/Bac/niederhalterS.jpg>]
Overfull \hbox (11.71664pt too wide) in paragraph at lines 902--903
[]\T1/lmr/m/n/12 optimales Er-geb-nis, klei-ne Rau-ig-keit (klei-ne kreis-fr-m
i-ge Fl-che rechts) 
 []

<Ss1a.jpg, id=207, 324.0105pt x 115.8729pt>
File: Ss1a.jpg Graphic file (type jpg)
 <use Ss1a.jpg>
Package pdftex.def Info: Ss1a.jpg used on input line 905.
(pdftex.def)             Requested size: 341.43437pt x 122.10683pt.

<Ss2.jpg, id=208, 316.7835pt x 112.0185pt>
File: Ss2.jpg Graphic file (type jpg)
 <use Ss2.jpg>
Package pdftex.def Info: Ss2.jpg used on input line 913.
(pdftex.def)             Requested size: 341.43437pt x 120.73543pt.

<Ss3.jpg, id=209, 363.9999pt x 118.2819pt>
File: Ss3.jpg Graphic file (type jpg)
 <use Ss3.jpg>
Package pdftex.def Info: Ss3.jpg used on input line 920.
(pdftex.def)             Requested size: 341.43437pt x 110.95758pt.
 [41 <C:/Users/B/Documents/Bac/Ss1a.jpg> <C:/Users/B/Documents/Bac/Ss2.jpg>]
<Sk1.jpg, id=213, 443.0151pt x 152.9715pt>
File: Sk1.jpg Graphic file (type jpg)
 <use Sk1.jpg>
Package pdftex.def Info: Sk1.jpg used on input line 927.
(pdftex.def)             Requested size: 341.43437pt x 117.8981pt.

<PunchDefektGut.jpg, id=214, 631.6398pt x 246.1998pt>
File: PunchDefektGut.jpg Graphic file (type jpg)
 <use PunchDefektGut.jpg>
Package pdftex.def Info: PunchDefektGut.jpg used on input line 933.
(pdftex.def)             Requested size: 341.43437pt x 133.0849pt.

<Sb1a.jpg, id=215, 346.6551pt x 113.4639pt>
File: Sb1a.jpg Graphic file (type jpg)
 <use Sb1a.jpg>
Package pdftex.def Info: Sb1a.jpg used on input line 940.
(pdftex.def)             Requested size: 341.43437pt x 111.76344pt.
 [42 <C:/Users/B/Documents/Bac/Ss3.jpg> <C:/Users/B/Documents/Bac/Sk1.jpg> <C:/
Users/B/Documents/Bac/PunchDefektGut.jpg>] <Sb2.jpg, id=219, 358.7001pt x 129.8
451pt>
File: Sb2.jpg Graphic file (type jpg)
 <use Sb2.jpg>
Package pdftex.def Info: Sb2.jpg used on input line 947.
(pdftex.def)             Requested size: 341.43437pt x 123.5978pt.

<Sb3.jpg, id=220, 304.2567pt x 112.0185pt>
File: Sb3.jpg Graphic file (type jpg)
 <use Sb3.jpg>
Package pdftex.def Info: Sb3.jpg used on input line 954.
(pdftex.def)             Requested size: 341.43437pt x 125.70767pt.

<Kb1a.jpg, id=221, 297.9933pt x 90.3375pt>
File: Kb1a.jpg Graphic file (type jpg)
 <use Kb1a.jpg>
Package pdftex.def Info: Kb1a.jpg used on input line 962.
(pdftex.def)             Requested size: 341.43437pt x 103.51373pt.
 [43 <C:/Users/B/Documents/Bac/Sb1a.jpg> <C:/Users/B/Documents/Bac/Sb2.jpg> <C:
/Users/B/Documents/Bac/Sb3.jpg> <C:/Users/B/Documents/Bac/Kb1a.jpg>]
<Kb2.jpg, id=226, 334.1283pt x 117.3183pt>
File: Kb2.jpg Graphic file (type jpg)
 <use Kb2.jpg>
Package pdftex.def Info: Kb2.jpg used on input line 970.
(pdftex.def)             Requested size: 341.43437pt x 119.88326pt.

<Bb1.jpg, id=227, 345.6915pt x 133.6995pt>
File: Bb1.jpg Graphic file (type jpg)
 <use Bb1.jpg>
Package pdftex.def Info: Bb1.jpg used on input line 978.
(pdftex.def)             Requested size: 341.43437pt x 132.0528pt.

<Bb2.jpg, id=228, 347.6187pt x 140.4447pt>
File: Bb2.jpg Graphic file (type jpg)
 <use Bb2.jpg>
Package pdftex.def Info: Bb2.jpg used on input line 986.
(pdftex.def)             Requested size: 341.43437pt x 137.95416pt.

<Bb3a.jpg, id=229, 340.3917pt x 119.7273pt>
File: Bb3a.jpg Graphic file (type jpg)
 <use Bb3a.jpg>
Package pdftex.def Info: Bb3a.jpg used on input line 994.
(pdftex.def)             Requested size: 341.43437pt x 120.09784pt.
 [44 <C:/Users/B/Documents/Bac/Kb2.jpg> <C:/Users/B/Documents/Bac/Bb1.jpg> <C:/
Users/B/Documents/Bac/Bb2.jpg>] <Bb4.jpg, id=233, 333.1647pt x 127.4361pt>
File: Bb4.jpg Graphic file (type jpg)
 <use Bb4.jpg>
Package pdftex.def Info: Bb4.jpg used on input line 1002.
(pdftex.def)             Requested size: 341.43437pt x 130.60144pt.

<PunchBAlubau.jpg, id=234, 730.8906pt x 361.8318pt>
File: PunchBAlubau.jpg Graphic file (type jpg)
 <use PunchBAlubau.jpg>
Package pdftex.def Info: PunchBAlubau.jpg used on input line 1008.
(pdftex.def)             Requested size: 341.43437pt x 169.02852pt.

<DieBAlubau.jpg, id=235, 372.6723pt x 140.6856pt>
File: DieBAlubau.jpg Graphic file (type jpg)
 <use DieBAlubau.jpg>
Package pdftex.def Info: DieBAlubau.jpg used on input line 1014.
(pdftex.def)             Requested size: 341.43437pt x 128.89778pt.
 [45 <C:/Users/B/Documents/Bac/Bb3a.jpg> <C:/Users/B/Documents/Bac/Bb4.jpg> <C:
/Users/B/Documents/Bac/PunchBAlubau.jpg>] <Bs1a.jpg, id=239, 389.5353pt x 145.2
627pt>
File: Bs1a.jpg Graphic file (type jpg)

<use Bs1a.jpg>
Package pdftex.def Info: Bs1a.jpg used on input line 1022.
(pdftex.def)             Requested size: 341.43437pt x 127.32619pt.


LaTeX Warning: Reference `fig:DieBAlubau' on page 46 undefined on input line 10
27.


LaTeX Warning: Reference `fig:DieBAlubau' on page 46 undefined on input line 10
27.

<Bs2.jpg, id=240, 321.1197pt x 116.3547pt>
File: Bs2.jpg Graphic file (type jpg)
 <use Bs2.jpg>
Package pdftex.def Info: Bs2.jpg used on input line 1030.
(pdftex.def)             Requested size: 341.43437pt x 123.72421pt.

<Ks1.jpg, id=241, 338.9463pt x 108.1641pt>
File: Ks1.jpg Graphic file (type jpg)
 <use Ks1.jpg>
Package pdftex.def Info: Ks1.jpg used on input line 1038.
(pdftex.def)             Requested size: 341.43437pt x 108.95932pt.

<SteinKAlubau.jpg, id=242, 336.5373pt x 206.9331pt>
File: SteinKAlubau.jpg Graphic file (type jpg)
 <use SteinKAlubau.jpg>
Package pdftex.def Info: SteinKAlubau.jpg used on input line 1044.
(pdftex.def)             Requested size: 341.43437pt x 209.94487pt.

[46 <C:/Users/B/Documents/Bac/DieBAlubau.jpg> <C:/Users/B/Documents/Bac/Bs1a.jp
g> <C:/Users/B/Documents/Bac/Bs2.jpg>]
<Kk1a.jpg, id=246, 385.1991pt x 154.4169pt>
File: Kk1a.jpg Graphic file (type jpg)
 <use Kk1a.jpg>
Package pdftex.def Info: Kk1a.jpg used on input line 1052.
(pdftex.def)             Requested size: 341.43437pt x 136.87453pt.

<Kk2.jpg, id=247, 365.9271pt x 153.4533pt>
File: Kk2.jpg Graphic file (type jpg)
 <use Kk2.jpg>
Package pdftex.def Info: Kk2.jpg used on input line 1060.
(pdftex.def)             Requested size: 341.43437pt x 143.18773pt.
 [47 <C:/Users/B/Documents/Bac/Ks1.jpg> <C:/Users/B/Documents/Bac/SteinKAlubau.
jpg> <C:/Users/B/Documents/Bac/Kk1a.jpg>]
Overfull \hbox (1.97668pt too wide) in paragraph at lines 1065--1066
[]\T1/lmr/m/n/12 Oberflche Bau-teil leich-te Wl-
 []

<Kkk1.jpg, id=251, 413.1435pt x 215.6055pt>
File: Kkk1.jpg Graphic file (type jpg)
 <use Kkk1.jpg>
Package pdftex.def Info: Kkk1.jpg used on input line 1068.
(pdftex.def)             Requested size: 341.43437pt x 178.18925pt.

<BauteilAbsenkSk3.jpg, id=252, 2036.60875pt x 771.88374pt>
File: BauteilAbsenkSk3.jpg Graphic file (type jpg)

<use BauteilAbsenkSk3.jpg>
Package pdftex.def Info: BauteilAbsenkSk3.jpg used on input line 1074.
(pdftex.def)             Requested size: 341.43437pt x 129.40468pt.
LaTeX Font Info:    Font shape `T1/lmss/bx/it' in size <12> not available
(Font)              Font shape `T1/lmss/bx/sl' tried instead on input line 1079
.

Overfull \hbox (5.38216pt too wide) in paragraph at lines 1079--1080
[]\T1/lmr/m/n/12 bessere Ober-fl-chen-g-te aber Ober-fl-che des Bau-teils sa
ckt
 []

<Ssk1.jpg, id=253, 315.8199pt x 176.5797pt>
File: Ssk1.jpg Graphic file (type jpg)
 <use Ssk1.jpg>
Package pdftex.def Info: Ssk1.jpg used on input line 1082.
(pdftex.def)             Requested size: 341.43437pt x 190.90259pt.
 [48 <C:/Users/B/Documents/Bac/Kk2.jpg> <C:/Users/B/Documents/Bac/Kkk1.jpg> <C:
/Users/B/Documents/Bac/BauteilAbsenkSk3.jpg>] [49 <C:/Users/B/Documents/Bac/Ssk
1.jpg>]

! LaTeX Error: File `standzugrel' not found.

See the LaTeX manual or LaTeX Companion for explanation.
Type  H <return>  for immediate help.
 ...                                              
                                                  
l.1116 ...aphics[width=0.8\textwidth]{standzugrel}
                                                  
I could not locate the file with any of these extensions:
.png,.pdf,.jpg,.mps,.jpeg,.jbig2,.jb2,.PNG,.PDF,.JPG,.JPEG,.JBIG2,.JB2
Try typing  <return>  to proceed.
If that doesn't work, type  X <return>  to quit.


LaTeX Warning: Reference `fig:standstreckrel' on page 50 undefined on input lin
e 1124.


LaTeX Warning: Reference `fig:standstreckrel' on page 50 undefined on input lin
e 1124.

[50] [51] <makromikro.png, id=268, 770.88pt x 432.11438pt>
File: makromikro.png Graphic file (type png)

<use makromikro.png>
Package pdftex.def Info: makromikro.png used on input line 1180.
(pdftex.def)             Requested size: 341.43437pt x 191.39027pt.
 [52]
<elementarzellen.png, id=272, 419.31656pt x 140.77594pt>
File: elementarzellen.png Graphic file (type png)

<use elementarzellen.png>
Package pdftex.def Info: elementarzellen.png used on input line 1201.
(pdftex.def)             Requested size: 341.43437pt x 114.62932pt.
 [53 <C:/Users/B/Documents/Bac/makromikro.png> <C:/Users/B/Documents/Bac/elemen
tarzellen.png>]
Overfull \hbox (27.31604pt too wide) in paragraph at lines 1219--1220
[]\T1/lmr/m/it/12 Eindimensionale Git-ter-feh-ler \T1/lmr/m/n/12 sind li-ni-en-
fr-mi-ge Struk-tur-feh-ler (Ver-set-zun-gen)(siehe
 []

<versetzung.png, id=278, 257.46187pt x 135.50626pt>
File: versetzung.png Graphic file (type png)
 <use versetzung.png>
Package pdftex.def Info: versetzung.png used on input line 1223.
(pdftex.def)             Requested size: 341.43437pt x 179.71858pt.

[54 <C:/Users/B/Documents/Bac/versetzung.png>]
<eloplastkristall.png, id=283, 305.64188pt x 199.49532pt>
File: eloplastkristall.png Graphic file (type png)

<use eloplastkristall.png>
Package pdftex.def Info: eloplastkristall.png used on input line 1239.
(pdftex.def)             Requested size: 341.43437pt x 222.86702pt.

<wandernstufenversetzung.png, id=284, 305.64188pt x 191.21437pt>
File: wandernstufenversetzung.png Graphic file (type png)

<use wandernstufenversetzung.png>
Package pdftex.def Info: wandernstufenversetzung.png used on input line 1247.
(pdftex.def)             Requested size: 341.43437pt x 213.61594pt.
 [55 <C:/Users/B/Documents/Bac/eloplastkristall.png>] <rekristall.png, id=290, 
637.63219pt x 326.72063pt>
File: rekristall.png Graphic file (type png)

<use rekristall.png>
Package pdftex.def Info: rekristall.png used on input line 1257.
(pdftex.def)             Requested size: 341.43437pt x 174.95084pt.
 [56 <C:/Users/B/Documents/Bac/wandernstufenversetzung.png>] <eigenspanabk.png,
 id=295, 264.23718pt x 246.9225pt>
File: eigenspanabk.png Graphic file (type png)
 <use eigenspanabk.png>
Package pdftex.def Info: eigenspanabk.png used on input line 1287.
(pdftex.def)             Requested size: 341.43437pt x 319.0814pt.

<eigenspanfaser.png, id=296, 313.17pt x 143.78719pt>
File: eigenspanfaser.png Graphic file (type png)
 <use eigenspanfaser.png>
Package pdftex.def Info: eigenspanfaser.png used on input line 1295.
(pdftex.def)             Requested size: 341.43437pt x 156.7688pt.

<eigenspandrahtzieh.png, id=297, 299.61937pt x 137.01187pt>
File: eigenspandrahtzieh.png Graphic file (type png)

<use eigenspandrahtzieh.png>
Package pdftex.def Info: eigenspandrahtzieh.png used on input line 1302.
(pdftex.def)             Requested size: 341.43437pt x 156.14497pt.

<eigenspanmol.png, id=298, 211.54031pt x 176.91093pt>
File: eigenspanmol.png Graphic file (type png)
 <use eigenspanmol.png>
Package pdftex.def Info: eigenspanmol.png used on input line 1310.
(pdftex.def)             Requested size: 341.43437pt x 285.55214pt.

[57 <C:/Users/B/Documents/Bac/rekristall.png>] [58 <C:/Users/B/Documents/Bac/ei
genspanabk.png> <C:/Users/B/Documents/Bac/eigenspanfaser.png>]
<eigenspanschnitt.png, id=308, 347.04657pt x 185.19188pt>
File: eigenspanschnitt.png Graphic file (type png)

<use eigenspanschnitt.png>
Package pdftex.def Info: eigenspanschnitt.png used on input line 1319.
(pdftex.def)             Requested size: 341.43437pt x 182.20453pt.
 [59 <C:/Users/B/Documents/Bac/eigenspandrahtzieh.png>] [60 <C:/Users/B/Documen
ts/Bac/eigenspanmol.png> <C:/Users/B/Documents/Bac/eigenspanschnitt.png>] [61]
<einachsspann.png, id=322, 353.82187pt x 203.25937pt>
File: einachsspann.png Graphic file (type png)
 <use einachsspann.png>
Package pdftex.def Info: einachsspann.png used on input line 1370.
(pdftex.def)             Requested size: 341.43437pt x 196.14716pt.

! Undefined control sequence.
\A ->\ERROR 
            
l.1375 ...en erhlt man die Krfte $ \sigma_0 \A
                                                  _0 $ und $ \sigma_{\varphi...
The control sequence at the end of the top line
of your error message was never \def'ed. If you have
misspelled it (e.g., `\hobx'), type `I' and the correct
spelling (e.g., `I\hbox'). Otherwise just continue,
and I'll forget about whatever was undefined.

! Double subscript.
l.1375 ...n erhlt man die Krfte $ \sigma_0 \A_
                                                  0 $ und $ \sigma_{\varphi}...
I treat `x_1_2' essentially like `x_1{}_2'.

[62] <normalvektor.png, id=326, 504.38437pt x 221.32687pt>
File: normalvektor.png Graphic file (type png)

<use normalvektor.png>
Package pdftex.def Info: normalvektor.png used on input line 1395.
(pdftex.def)             Requested size: 341.43437pt x 149.82483pt.

! Undefined control sequence.
l.1401 ...erentialquotienten bildet in dem $ \Delt
                                                   A \rightarrow 0 $ gegen N...
The control sequence at the end of the top line
of your error message was never \def'ed. If you have
misspelled it (e.g., `\hobx'), type `I' and the correct
spelling (e.g., `I\hbox'). Otherwise just continue,
and I'll forget about whatever was undefined.

[63 <C:/Users/B/Documents/Bac/einachsspann.png>]
<tensor.png, id=331, 572.89032pt x 228.10219pt>
File: tensor.png Graphic file (type png)
 <use tensor.png>
Package pdftex.def Info: tensor.png used on input line 1409.
(pdftex.def)             Requested size: 341.43437pt x 135.94696pt.
 [64 <C:/Users/B/Documents/Bac/normalvektor.png> <C:/Users/B/Documents/Bac/tens
or.png>]
[65] [66] [67] [68] (C:\Users\B\Documents\Bac\bac200414.aux)

LaTeX Warning: There were undefined references.


LaTeX Warning: There were multiply-defined labels.

Package logreq Info: Writing requests to 'bac200414.run.xml'.
 )
(\end occurred inside a group at level 1)

### simple group (level 1) entered at line 1111 ({)
### bottom level 
Here is how much of TeX's memory you used:
 20725 strings out of 493921
 382422 string characters out of 3144887
 533980 words of memory out of 3000000
 23567 multiletter control sequences out of 15000+200000
 123721 words of font info for 90 fonts, out of 3000000 for 9000
 845 hyphenation exceptions out of 8191
 50i,21n,66p,2401b,2130s stack positions out of 5000i,500n,10000p,200000b,50000s
{C:/Program Files (x86)/MiKTeX 2.9/fonts/enc/dvips/lm/lm-ec.enc
}{C:/Program Files (x86)/MiKTeX 2.9/fonts/enc/dvips/lm/lm-rm.enc}{C:/Program Fi
les (x86)/MiKTeX 2.9/fonts/enc/dvips/lm/lm-mathit.enc}{C:/Program Files (x86)/M
iKTeX 2.9/fonts/enc/dvips/lm/lm-mathex.enc}{C:/Program Files (x86)/MiKTeX 2.9/f
onts/enc/dvips/lm/lm-ts1.enc}{C:/Program Files (x86)/MiKTeX 2.9/fonts/enc/dvips
/lm/lm-mathsy.enc}<C:/Program Files (x86)/MiKTeX 2.9/fonts/type1/public/lm/lmbx
12.pfb><C:/Program Files (x86)/MiKTeX 2.9/fonts/type1/public/lm/lmbxi10.pfb><C:
/Program Files (x86)/MiKTeX 2.9/fonts/type1/public/lm/lmex10.pfb><C:/Program Fi
les (x86)/MiKTeX 2.9/fonts/type1/public/lm/lmmi10.pfb><C:/Program Files (x86)/M
iKTeX 2.9/fonts/type1/public/lm/lmmi12.pfb><C:/Program Files (x86)/MiKTeX 2.9/f
onts/type1/public/lm/lmmi6.pfb><C:/Program Files (x86)/MiKTeX 2.9/fonts/type1/p
ublic/lm/lmmi8.pfb><C:/Program Files (x86)/MiKTeX 2.9/fonts/type1/public/lm/lmr
10.pfb><C:/Program Files (x86)/MiKTeX 2.9/fonts/type1/public/lm/lmr12.pfb><C:/P
rogram Files (x86)/MiKTeX 2.9/fonts/type1/public/lm/lmr17.pfb><C:/Program Files
 (x86)/MiKTeX 2.9/fonts/type1/public/lm/lmr6.pfb><C:/Program Files (x86)/MiKTeX
 2.9/fonts/type1/public/lm/lmr7.pfb><C:/Program Files (x86)/MiKTeX 2.9/fonts/ty
pe1/public/lm/lmr8.pfb><C:/Program Files (x86)/MiKTeX 2.9/fonts/type1/public/lm
/lmri10.pfb><C:/Program Files (x86)/MiKTeX 2.9/fonts/type1/public/lm/lmri12.pfb
><C:/Program Files (x86)/MiKTeX 2.9/fonts/type1/public/lm/lmssbo10.pfb><C:/Prog
ram Files (x86)/MiKTeX 2.9/fonts/type1/public/lm/lmssbx10.pfb><C:/Program Files
 (x86)/MiKTeX 2.9/fonts/type1/public/lm/lmsy10.pfb><C:/Program Files (x86)/MiKT
eX 2.9/fonts/type1/public/lm/lmsy8.pfb><C:/Program Files (x86)/MiKTeX 2.9/fonts
/type1/public/lm/lmtt10.pfb><C:/Program Files (x86)/MiKTeX 2.9/fonts/type1/publ
ic/amsfonts/symbols/msbm10.pfb>
Output written on bac200414.pdf (68 pages, 14496132 bytes).
PDF statistics:
 429 PDF objects out of 1000 (max. 8388607)
 0 named destinations out of 1000 (max. 500000)
 386 words of extra memory for PDF output out of 10000 (max. 10000000)

